15:23:20 INFO  : Registering command handlers for SDK TCF services
15:23:22 INFO  : Launching XSCT server: xsct.bat -interactive C:\Users\Marcin\Vivado\hc_arm\hc_arm.sdk\temp_xsdb_launch_script.tcl
15:23:25 INFO  : XSCT server has started successfully.
15:23:25 INFO  : Successfully done setting XSCT server connection channel  
15:23:25 INFO  : Successfully done setting SDK workspace  
15:23:25 INFO  : Processing command line option -hwspec C:/Users/Marcin/Vivado/hc_arm/hc_arm.sdk/codec_system_wrapper.hdf.
15:28:31 INFO  : Registering command handlers for SDK TCF services
15:28:32 INFO  : Launching XSCT server: xsct.bat -interactive C:\Users\Marcin\Vivado\hc_arm\hc_arm.sdk\temp_xsdb_launch_script.tcl
15:28:36 INFO  : XSCT server has started successfully.
15:28:37 INFO  : Successfully done setting XSCT server connection channel  
15:28:37 INFO  : Processing command line option -hwspec C:/Users/Marcin/Vivado/hc_arm/hc_arm.sdk/codec_system_wrapper.hdf.
15:28:37 INFO  : Successfully done setting SDK workspace  
15:28:37 INFO  : Checking for hwspec changes in the project codec_system_wrapper_hw_platform_0.
15:32:09 INFO  : Registering command handlers for SDK TCF services
15:32:10 INFO  : Launching XSCT server: xsct.bat -interactive C:\Users\Marcin\Vivado\hc_arm\hc_arm.sdk\temp_xsdb_launch_script.tcl
15:32:14 INFO  : XSCT server has started successfully.
15:32:15 INFO  : Successfully done setting XSCT server connection channel  
15:32:15 INFO  : Processing command line option -hwspec C:/Users/Marcin/Vivado/hc_microblaze/hc_microblaze.sdk/codec_system_wrapper.hdf.
15:32:15 INFO  : Successfully done setting SDK workspace  
15:33:57 INFO  : Registering command handlers for SDK TCF services
15:33:58 INFO  : Launching XSCT server: xsct.bat -interactive C:\Users\Marcin\Vivado\hc_arm\hc_arm.sdk\temp_xsdb_launch_script.tcl
15:34:02 INFO  : XSCT server has started successfully.
15:34:02 INFO  : Successfully done setting XSCT server connection channel  
15:34:03 INFO  : Processing command line option -hwspec C:/Users/Marcin/Vivado/hc_arm/hc_arm.sdk/codec_system_wrapper.hdf.
15:34:03 INFO  : Successfully done setting SDK workspace  
15:34:03 INFO  : Checking for hwspec changes in the project codec_system_wrapper_hw_platform_0.
15:41:57 INFO  : Registering command handlers for SDK TCF services
15:41:58 INFO  : Launching XSCT server: xsct.bat -interactive C:\Users\Marcin\Vivado\hc_arm\hc_arm.sdk\temp_xsdb_launch_script.tcl
15:42:02 INFO  : XSCT server has started successfully.
15:42:02 INFO  : Successfully done setting XSCT server connection channel  
15:42:02 INFO  : Processing command line option -hwspec C:/Users/Marcin/Vivado/hc_arm/hc_arm.sdk/codec_system_wrapper.hdf.
15:42:02 INFO  : Checking for hwspec changes in the project codec_system_wrapper_hw_platform_0.
15:42:02 INFO  : Successfully done setting SDK workspace  
15:43:29 INFO  : Registering command handlers for SDK TCF services
15:43:30 INFO  : Launching XSCT server: xsct.bat -interactive C:\Users\Marcin\Vivado\hc_arm\hc_arm.sdk\temp_xsdb_launch_script.tcl
15:43:33 INFO  : XSCT server has started successfully.
15:43:34 INFO  : Successfully done setting XSCT server connection channel  
15:43:34 INFO  : Processing command line option -hwspec C:/Users/Marcin/Vivado/hc_arm/hc_arm.sdk/codec_system_wrapper.hdf.
15:43:34 INFO  : Successfully done setting SDK workspace  
16:46:13 INFO  : Connected to target on host '127.0.0.1' and port '3121'.
16:46:21 INFO  : Connected to target on host '127.0.0.1' and port '3121'.
16:46:21 INFO  : 'targets -set -filter {jtag_cable_name =~ "Digilent Zed 210248492416" && level==0} -index 1' command is executed.
16:46:24 INFO  : FPGA configured successfully with bitstream "C:/Users/Marcin/Vivado/hc_arm/hc_arm.sdk/codec_system_wrapper_hw_platform_2/codec_system_wrapper.bit"
16:46:56 INFO  : 'targets -set -filter {jtag_cable_name =~ "Digilent Zed 210248492416" && level==0} -index 1' command is executed.
16:46:56 INFO  : 'fpga -state' command is executed.
16:46:56 INFO  : Connected to target on host '127.0.0.1' and port '3121'.
16:46:57 INFO  : Jtag cable 'Digilent Zed 210248492416' is selected.
16:46:57 INFO  : 'jtag frequency' command is executed.
16:46:57 INFO  : Sourcing of 'C:/Users/Marcin/Vivado/hc_arm/hc_arm.sdk/codec_system_wrapper_hw_platform_2/ps7_init.tcl' is done.
16:46:57 INFO  : Context for 'APU' is selected.
16:46:57 INFO  : Hardware design information is loaded from 'C:/Users/Marcin/Vivado/hc_arm/hc_arm.sdk/codec_system_wrapper_hw_platform_2/system.hdf'.
16:46:57 INFO  : 'configparams force-mem-access 1' command is executed.
16:46:57 INFO  : Context for 'APU' is selected.
16:46:57 INFO  : 'stop' command is executed.
16:46:58 INFO  : 'ps7_init' command is executed.
16:46:58 INFO  : 'ps7_post_config' command is executed.
16:46:58 INFO  : Context for processor 'ps7_cortexa9_0' is selected.
16:46:58 INFO  : Processor reset is completed for 'ps7_cortexa9_0'.
16:46:58 INFO  : Context for processor 'ps7_cortexa9_0' is selected.
16:46:58 INFO  : The application 'C:/Users/Marcin/Vivado/hc_arm/hc_arm.sdk/codec_test_app/Debug/codec_test_app.elf' is downloaded to processor 'ps7_cortexa9_0'.
16:46:58 INFO  : 'configparams force-mem-access 0' command is executed.
16:46:58 INFO  : ----------------XSDB Script----------------
connect -url tcp:127.0.0.1:3121
source C:/Users/Marcin/Vivado/hc_arm/hc_arm.sdk/codec_system_wrapper_hw_platform_2/ps7_init.tcl
targets -set -nocase -filter {name =~"APU*" && jtag_cable_name =~ "Digilent Zed 210248492416"} -index 0
loadhw -hw C:/Users/Marcin/Vivado/hc_arm/hc_arm.sdk/codec_system_wrapper_hw_platform_2/system.hdf -mem-ranges [list {0x40000000 0xbfffffff}]
configparams force-mem-access 1
targets -set -nocase -filter {name =~"APU*" && jtag_cable_name =~ "Digilent Zed 210248492416"} -index 0
stop
ps7_init
ps7_post_config
targets -set -nocase -filter {name =~ "ARM*#0" && jtag_cable_name =~ "Digilent Zed 210248492416"} -index 0
rst -processor
targets -set -nocase -filter {name =~ "ARM*#0" && jtag_cable_name =~ "Digilent Zed 210248492416"} -index 0
dow C:/Users/Marcin/Vivado/hc_arm/hc_arm.sdk/codec_test_app/Debug/codec_test_app.elf
configparams force-mem-access 0
----------------End of Script----------------

16:46:58 INFO  : Memory regions updated for context APU
16:46:58 INFO  : Context for processor 'ps7_cortexa9_0' is selected.
16:46:59 INFO  : 'con' command is executed.
16:46:59 INFO  : ----------------XSDB Script (After Launch)----------------
targets -set -nocase -filter {name =~ "ARM*#0" && jtag_cable_name =~ "Digilent Zed 210248492416"} -index 0
con
----------------End of Script----------------

16:46:59 INFO  : Launch script is exported to file 'C:\Users\Marcin\Vivado\hc_arm\hc_arm.sdk\.sdk\launch_scripts\xilinx_c-c++_application_(system_debugger)\system_debugger_using_debug_codec_test_app.elf_on_local.tcl'
16:49:57 INFO  : Disconnected from the channel tcfchan#1.
16:49:59 INFO  : 'targets -set -filter {jtag_cable_name =~ "Digilent Zed 210248492416" && level==0} -index 1' command is executed.
16:49:59 INFO  : 'fpga -state' command is executed.
16:49:59 INFO  : Connected to target on host '127.0.0.1' and port '3121'.
16:49:59 INFO  : Jtag cable 'Digilent Zed 210248492416' is selected.
16:49:59 INFO  : 'jtag frequency' command is executed.
16:49:59 INFO  : Sourcing of 'C:/Users/Marcin/Vivado/hc_arm/hc_arm.sdk/codec_system_wrapper_hw_platform_2/ps7_init.tcl' is done.
16:49:59 INFO  : Context for 'APU' is selected.
16:50:04 INFO  : Hardware design information is loaded from 'C:/Users/Marcin/Vivado/hc_arm/hc_arm.sdk/codec_system_wrapper_hw_platform_2/system.hdf'.
16:50:04 INFO  : 'configparams force-mem-access 1' command is executed.
16:50:04 INFO  : Context for 'APU' is selected.
16:50:04 INFO  : 'stop' command is executed.
16:50:04 INFO  : 'ps7_init' command is executed.
16:50:04 INFO  : 'ps7_post_config' command is executed.
16:50:04 INFO  : Context for processor 'ps7_cortexa9_0' is selected.
16:50:04 INFO  : Processor reset is completed for 'ps7_cortexa9_0'.
16:50:04 INFO  : Context for processor 'ps7_cortexa9_0' is selected.
16:50:05 INFO  : The application 'C:/Users/Marcin/Vivado/hc_arm/hc_arm.sdk/codec_test_app/Debug/codec_test_app.elf' is downloaded to processor 'ps7_cortexa9_0'.
16:50:05 INFO  : 'configparams force-mem-access 0' command is executed.
16:50:05 INFO  : ----------------XSDB Script----------------
connect -url tcp:127.0.0.1:3121
source C:/Users/Marcin/Vivado/hc_arm/hc_arm.sdk/codec_system_wrapper_hw_platform_2/ps7_init.tcl
targets -set -nocase -filter {name =~"APU*" && jtag_cable_name =~ "Digilent Zed 210248492416"} -index 0
loadhw -hw C:/Users/Marcin/Vivado/hc_arm/hc_arm.sdk/codec_system_wrapper_hw_platform_2/system.hdf -mem-ranges [list {0x40000000 0xbfffffff}]
configparams force-mem-access 1
targets -set -nocase -filter {name =~"APU*" && jtag_cable_name =~ "Digilent Zed 210248492416"} -index 0
stop
ps7_init
ps7_post_config
targets -set -nocase -filter {name =~ "ARM*#0" && jtag_cable_name =~ "Digilent Zed 210248492416"} -index 0
rst -processor
targets -set -nocase -filter {name =~ "ARM*#0" && jtag_cable_name =~ "Digilent Zed 210248492416"} -index 0
dow C:/Users/Marcin/Vivado/hc_arm/hc_arm.sdk/codec_test_app/Debug/codec_test_app.elf
configparams force-mem-access 0
----------------End of Script----------------

16:50:05 INFO  : Memory regions updated for context APU
16:50:05 INFO  : Context for processor 'ps7_cortexa9_0' is selected.
16:50:05 INFO  : 'con' command is executed.
16:50:05 INFO  : ----------------XSDB Script (After Launch)----------------
targets -set -nocase -filter {name =~ "ARM*#0" && jtag_cable_name =~ "Digilent Zed 210248492416"} -index 0
con
----------------End of Script----------------

16:50:05 INFO  : Launch script is exported to file 'C:\Users\Marcin\Vivado\hc_arm\hc_arm.sdk\.sdk\launch_scripts\xilinx_c-c++_application_(system_debugger)\system_debugger_using_debug_codec_test_app.elf_on_local.tcl'
16:52:45 INFO  : Disconnected from the channel tcfchan#2.
16:53:14 INFO  : 'targets -set -filter {jtag_cable_name =~ "Digilent Zed 210248492416" && level==0} -index 1' command is executed.
16:53:14 INFO  : 'fpga -state' command is executed.
16:53:14 INFO  : Connected to target on host '127.0.0.1' and port '3121'.
16:53:14 INFO  : Jtag cable 'Digilent Zed 210248492416' is selected.
16:53:14 INFO  : 'jtag frequency' command is executed.
16:53:14 INFO  : Sourcing of 'C:/Users/Marcin/Vivado/hc_arm/hc_arm.sdk/codec_system_wrapper_hw_platform_2/ps7_init.tcl' is done.
16:53:14 INFO  : Context for 'APU' is selected.
16:53:18 INFO  : Hardware design information is loaded from 'C:/Users/Marcin/Vivado/hc_arm/hc_arm.sdk/codec_system_wrapper_hw_platform_2/system.hdf'.
16:53:18 INFO  : 'configparams force-mem-access 1' command is executed.
16:53:18 INFO  : Context for 'APU' is selected.
16:53:18 INFO  : 'stop' command is executed.
16:53:18 INFO  : 'ps7_init' command is executed.
16:53:18 INFO  : 'ps7_post_config' command is executed.
16:53:19 INFO  : Context for processor 'ps7_cortexa9_0' is selected.
16:53:19 INFO  : Processor reset is completed for 'ps7_cortexa9_0'.
16:53:19 INFO  : Context for processor 'ps7_cortexa9_0' is selected.
16:53:19 INFO  : The application 'C:/Users/Marcin/Vivado/hc_arm/hc_arm.sdk/codec_test_app/Debug/codec_test_app.elf' is downloaded to processor 'ps7_cortexa9_0'.
16:53:19 INFO  : 'configparams force-mem-access 0' command is executed.
16:53:19 INFO  : ----------------XSDB Script----------------
connect -url tcp:127.0.0.1:3121
source C:/Users/Marcin/Vivado/hc_arm/hc_arm.sdk/codec_system_wrapper_hw_platform_2/ps7_init.tcl
targets -set -nocase -filter {name =~"APU*" && jtag_cable_name =~ "Digilent Zed 210248492416"} -index 0
loadhw -hw C:/Users/Marcin/Vivado/hc_arm/hc_arm.sdk/codec_system_wrapper_hw_platform_2/system.hdf -mem-ranges [list {0x40000000 0xbfffffff}]
configparams force-mem-access 1
targets -set -nocase -filter {name =~"APU*" && jtag_cable_name =~ "Digilent Zed 210248492416"} -index 0
stop
ps7_init
ps7_post_config
targets -set -nocase -filter {name =~ "ARM*#0" && jtag_cable_name =~ "Digilent Zed 210248492416"} -index 0
rst -processor
targets -set -nocase -filter {name =~ "ARM*#0" && jtag_cable_name =~ "Digilent Zed 210248492416"} -index 0
dow C:/Users/Marcin/Vivado/hc_arm/hc_arm.sdk/codec_test_app/Debug/codec_test_app.elf
configparams force-mem-access 0
----------------End of Script----------------

16:53:19 INFO  : Memory regions updated for context APU
16:53:19 INFO  : Context for processor 'ps7_cortexa9_0' is selected.
16:53:19 INFO  : 'con' command is executed.
16:53:19 INFO  : ----------------XSDB Script (After Launch)----------------
targets -set -nocase -filter {name =~ "ARM*#0" && jtag_cable_name =~ "Digilent Zed 210248492416"} -index 0
con
----------------End of Script----------------

16:53:19 INFO  : Launch script is exported to file 'C:\Users\Marcin\Vivado\hc_arm\hc_arm.sdk\.sdk\launch_scripts\xilinx_c-c++_application_(system_debugger)\system_debugger_using_debug_codec_test_app.elf_on_local.tcl'
16:55:53 INFO  : Disconnected from the channel tcfchan#3.
16:59:58 INFO  : 'targets -set -filter {jtag_cable_name =~ "Digilent Zed 210248492416" && level==0} -index 1' command is executed.
16:59:58 INFO  : 'fpga -state' command is executed.
16:59:58 INFO  : Connected to target on host '127.0.0.1' and port '3121'.
16:59:59 INFO  : Jtag cable 'Digilent Zed 210248492416' is selected.
16:59:59 INFO  : 'jtag frequency' command is executed.
16:59:59 INFO  : Sourcing of 'C:/Users/Marcin/Vivado/hc_arm/hc_arm.sdk/codec_system_wrapper_hw_platform_2/ps7_init.tcl' is done.
16:59:59 INFO  : Context for 'APU' is selected.
17:00:02 INFO  : Hardware design information is loaded from 'C:/Users/Marcin/Vivado/hc_arm/hc_arm.sdk/codec_system_wrapper_hw_platform_2/system.hdf'.
17:00:02 INFO  : 'configparams force-mem-access 1' command is executed.
17:00:02 INFO  : Context for 'APU' is selected.
17:00:02 INFO  : 'stop' command is executed.
17:00:03 INFO  : 'ps7_init' command is executed.
17:00:03 INFO  : 'ps7_post_config' command is executed.
17:00:03 INFO  : Context for processor 'ps7_cortexa9_0' is selected.
17:00:03 INFO  : Processor reset is completed for 'ps7_cortexa9_0'.
17:00:03 INFO  : Context for processor 'ps7_cortexa9_0' is selected.
17:00:03 INFO  : The application 'C:/Users/Marcin/Vivado/hc_arm/hc_arm.sdk/codec_test_app/Debug/codec_test_app.elf' is downloaded to processor 'ps7_cortexa9_0'.
17:00:03 INFO  : 'configparams force-mem-access 0' command is executed.
17:00:03 INFO  : ----------------XSDB Script----------------
connect -url tcp:127.0.0.1:3121
source C:/Users/Marcin/Vivado/hc_arm/hc_arm.sdk/codec_system_wrapper_hw_platform_2/ps7_init.tcl
targets -set -nocase -filter {name =~"APU*" && jtag_cable_name =~ "Digilent Zed 210248492416"} -index 0
loadhw -hw C:/Users/Marcin/Vivado/hc_arm/hc_arm.sdk/codec_system_wrapper_hw_platform_2/system.hdf -mem-ranges [list {0x40000000 0xbfffffff}]
configparams force-mem-access 1
targets -set -nocase -filter {name =~"APU*" && jtag_cable_name =~ "Digilent Zed 210248492416"} -index 0
stop
ps7_init
ps7_post_config
targets -set -nocase -filter {name =~ "ARM*#0" && jtag_cable_name =~ "Digilent Zed 210248492416"} -index 0
rst -processor
targets -set -nocase -filter {name =~ "ARM*#0" && jtag_cable_name =~ "Digilent Zed 210248492416"} -index 0
dow C:/Users/Marcin/Vivado/hc_arm/hc_arm.sdk/codec_test_app/Debug/codec_test_app.elf
configparams force-mem-access 0
----------------End of Script----------------

17:00:03 INFO  : Memory regions updated for context APU
17:00:03 INFO  : Context for processor 'ps7_cortexa9_0' is selected.
17:00:04 INFO  : 'con' command is executed.
17:00:04 INFO  : ----------------XSDB Script (After Launch)----------------
targets -set -nocase -filter {name =~ "ARM*#0" && jtag_cable_name =~ "Digilent Zed 210248492416"} -index 0
con
----------------End of Script----------------

17:00:04 INFO  : Launch script is exported to file 'C:\Users\Marcin\Vivado\hc_arm\hc_arm.sdk\.sdk\launch_scripts\xilinx_c-c++_application_(system_debugger)\system_debugger_using_debug_codec_test_app.elf_on_local.tcl'
17:02:51 INFO  : Disconnected from the channel tcfchan#4.
17:03:00 INFO  : 'targets -set -filter {jtag_cable_name =~ "Digilent Zed 210248492416" && level==0} -index 1' command is executed.
17:03:00 INFO  : 'fpga -state' command is executed.
17:03:00 INFO  : Connected to target on host '127.0.0.1' and port '3121'.
17:03:00 INFO  : Jtag cable 'Digilent Zed 210248492416' is selected.
17:03:00 INFO  : 'jtag frequency' command is executed.
17:03:00 INFO  : Sourcing of 'C:/Users/Marcin/Vivado/hc_arm/hc_arm.sdk/codec_system_wrapper_hw_platform_2/ps7_init.tcl' is done.
17:03:00 INFO  : Context for 'APU' is selected.
17:03:05 INFO  : Hardware design information is loaded from 'C:/Users/Marcin/Vivado/hc_arm/hc_arm.sdk/codec_system_wrapper_hw_platform_2/system.hdf'.
17:03:05 INFO  : 'configparams force-mem-access 1' command is executed.
17:03:05 INFO  : Context for 'APU' is selected.
17:03:05 INFO  : 'stop' command is executed.
17:03:05 INFO  : 'ps7_init' command is executed.
17:03:05 INFO  : 'ps7_post_config' command is executed.
17:03:05 INFO  : Context for processor 'ps7_cortexa9_0' is selected.
17:03:06 INFO  : Processor reset is completed for 'ps7_cortexa9_0'.
17:03:06 INFO  : Context for processor 'ps7_cortexa9_0' is selected.
17:03:06 INFO  : The application 'C:/Users/Marcin/Vivado/hc_arm/hc_arm.sdk/codec_test_app/Debug/codec_test_app.elf' is downloaded to processor 'ps7_cortexa9_0'.
17:03:06 INFO  : 'configparams force-mem-access 0' command is executed.
17:03:06 INFO  : ----------------XSDB Script----------------
connect -url tcp:127.0.0.1:3121
source C:/Users/Marcin/Vivado/hc_arm/hc_arm.sdk/codec_system_wrapper_hw_platform_2/ps7_init.tcl
targets -set -nocase -filter {name =~"APU*" && jtag_cable_name =~ "Digilent Zed 210248492416"} -index 0
loadhw -hw C:/Users/Marcin/Vivado/hc_arm/hc_arm.sdk/codec_system_wrapper_hw_platform_2/system.hdf -mem-ranges [list {0x40000000 0xbfffffff}]
configparams force-mem-access 1
targets -set -nocase -filter {name =~"APU*" && jtag_cable_name =~ "Digilent Zed 210248492416"} -index 0
stop
ps7_init
ps7_post_config
targets -set -nocase -filter {name =~ "ARM*#0" && jtag_cable_name =~ "Digilent Zed 210248492416"} -index 0
rst -processor
targets -set -nocase -filter {name =~ "ARM*#0" && jtag_cable_name =~ "Digilent Zed 210248492416"} -index 0
dow C:/Users/Marcin/Vivado/hc_arm/hc_arm.sdk/codec_test_app/Debug/codec_test_app.elf
configparams force-mem-access 0
----------------End of Script----------------

17:03:06 INFO  : Memory regions updated for context APU
17:03:06 INFO  : Context for processor 'ps7_cortexa9_0' is selected.
17:03:06 INFO  : 'con' command is executed.
17:03:06 INFO  : ----------------XSDB Script (After Launch)----------------
targets -set -nocase -filter {name =~ "ARM*#0" && jtag_cable_name =~ "Digilent Zed 210248492416"} -index 0
con
----------------End of Script----------------

17:03:06 INFO  : Launch script is exported to file 'C:\Users\Marcin\Vivado\hc_arm\hc_arm.sdk\.sdk\launch_scripts\xilinx_c-c++_application_(system_debugger)\system_debugger_using_debug_codec_test_app.elf_on_local.tcl'
17:04:51 INFO  : Disconnected from the channel tcfchan#5.
17:05:53 INFO  : Connected to target on host '127.0.0.1' and port '3121'.
17:05:56 INFO  : Connected to target on host '127.0.0.1' and port '3121'.
17:05:57 INFO  : 'targets -set -filter {jtag_cable_name =~ "Digilent Zed 210248492416" && level==0} -index 1' command is executed.
17:05:59 INFO  : FPGA configured successfully with bitstream "C:/Users/Marcin/Vivado/hc_arm/hc_arm.sdk/codec_system_wrapper_hw_platform_2/codec_system_wrapper.bit"
17:06:06 INFO  : 'targets -set -filter {jtag_cable_name =~ "Digilent Zed 210248492416" && level==0} -index 1' command is executed.
17:06:06 INFO  : 'fpga -state' command is executed.
17:06:06 INFO  : Connected to target on host '127.0.0.1' and port '3121'.
17:06:07 INFO  : Jtag cable 'Digilent Zed 210248492416' is selected.
17:06:07 INFO  : 'jtag frequency' command is executed.
17:06:07 INFO  : Sourcing of 'C:/Users/Marcin/Vivado/hc_arm/hc_arm.sdk/codec_system_wrapper_hw_platform_2/ps7_init.tcl' is done.
17:06:07 INFO  : Context for 'APU' is selected.
17:06:07 INFO  : Hardware design information is loaded from 'C:/Users/Marcin/Vivado/hc_arm/hc_arm.sdk/codec_system_wrapper_hw_platform_2/system.hdf'.
17:06:07 INFO  : 'configparams force-mem-access 1' command is executed.
17:06:07 INFO  : Context for 'APU' is selected.
17:06:07 INFO  : 'stop' command is executed.
17:06:08 INFO  : 'ps7_init' command is executed.
17:06:08 INFO  : 'ps7_post_config' command is executed.
17:06:08 INFO  : Context for processor 'ps7_cortexa9_0' is selected.
17:06:08 INFO  : Processor reset is completed for 'ps7_cortexa9_0'.
17:06:08 INFO  : Context for processor 'ps7_cortexa9_0' is selected.
17:06:08 INFO  : The application 'C:/Users/Marcin/Vivado/hc_arm/hc_arm.sdk/codec_test_app/Debug/codec_test_app.elf' is downloaded to processor 'ps7_cortexa9_0'.
17:06:08 INFO  : 'configparams force-mem-access 0' command is executed.
17:06:08 INFO  : ----------------XSDB Script----------------
connect -url tcp:127.0.0.1:3121
source C:/Users/Marcin/Vivado/hc_arm/hc_arm.sdk/codec_system_wrapper_hw_platform_2/ps7_init.tcl
targets -set -nocase -filter {name =~"APU*" && jtag_cable_name =~ "Digilent Zed 210248492416"} -index 0
loadhw -hw C:/Users/Marcin/Vivado/hc_arm/hc_arm.sdk/codec_system_wrapper_hw_platform_2/system.hdf -mem-ranges [list {0x40000000 0xbfffffff}]
configparams force-mem-access 1
targets -set -nocase -filter {name =~"APU*" && jtag_cable_name =~ "Digilent Zed 210248492416"} -index 0
stop
ps7_init
ps7_post_config
targets -set -nocase -filter {name =~ "ARM*#0" && jtag_cable_name =~ "Digilent Zed 210248492416"} -index 0
rst -processor
targets -set -nocase -filter {name =~ "ARM*#0" && jtag_cable_name =~ "Digilent Zed 210248492416"} -index 0
dow C:/Users/Marcin/Vivado/hc_arm/hc_arm.sdk/codec_test_app/Debug/codec_test_app.elf
configparams force-mem-access 0
----------------End of Script----------------

17:06:08 INFO  : Memory regions updated for context APU
17:06:09 INFO  : Context for processor 'ps7_cortexa9_0' is selected.
17:06:09 INFO  : 'con' command is executed.
17:06:09 INFO  : ----------------XSDB Script (After Launch)----------------
targets -set -nocase -filter {name =~ "ARM*#0" && jtag_cable_name =~ "Digilent Zed 210248492416"} -index 0
con
----------------End of Script----------------

17:06:09 INFO  : Launch script is exported to file 'C:\Users\Marcin\Vivado\hc_arm\hc_arm.sdk\.sdk\launch_scripts\xilinx_c-c++_application_(system_debugger)\system_debugger_using_debug_codec_test_app.elf_on_local.tcl'
17:08:24 INFO  : Disconnected from the channel tcfchan#6.
17:08:25 INFO  : 'targets -set -filter {jtag_cable_name =~ "Digilent Zed 210248492416" && level==0} -index 1' command is executed.
17:08:26 INFO  : 'fpga -state' command is executed.
17:08:26 INFO  : Connected to target on host '127.0.0.1' and port '3121'.
17:08:26 INFO  : Jtag cable 'Digilent Zed 210248492416' is selected.
17:08:26 INFO  : 'jtag frequency' command is executed.
17:08:26 INFO  : Sourcing of 'C:/Users/Marcin/Vivado/hc_arm/hc_arm.sdk/codec_system_wrapper_hw_platform_2/ps7_init.tcl' is done.
17:08:26 INFO  : Context for 'APU' is selected.
17:08:30 INFO  : Hardware design information is loaded from 'C:/Users/Marcin/Vivado/hc_arm/hc_arm.sdk/codec_system_wrapper_hw_platform_2/system.hdf'.
17:08:30 INFO  : 'configparams force-mem-access 1' command is executed.
17:08:31 INFO  : Context for 'APU' is selected.
17:08:31 INFO  : 'stop' command is executed.
17:08:31 INFO  : 'ps7_init' command is executed.
17:08:31 INFO  : 'ps7_post_config' command is executed.
17:08:31 INFO  : Context for processor 'ps7_cortexa9_0' is selected.
17:08:31 INFO  : Processor reset is completed for 'ps7_cortexa9_0'.
17:08:31 INFO  : Context for processor 'ps7_cortexa9_0' is selected.
17:08:32 INFO  : The application 'C:/Users/Marcin/Vivado/hc_arm/hc_arm.sdk/codec_test_app/Debug/codec_test_app.elf' is downloaded to processor 'ps7_cortexa9_0'.
17:08:32 INFO  : 'configparams force-mem-access 0' command is executed.
17:08:32 INFO  : ----------------XSDB Script----------------
connect -url tcp:127.0.0.1:3121
source C:/Users/Marcin/Vivado/hc_arm/hc_arm.sdk/codec_system_wrapper_hw_platform_2/ps7_init.tcl
targets -set -nocase -filter {name =~"APU*" && jtag_cable_name =~ "Digilent Zed 210248492416"} -index 0
loadhw -hw C:/Users/Marcin/Vivado/hc_arm/hc_arm.sdk/codec_system_wrapper_hw_platform_2/system.hdf -mem-ranges [list {0x40000000 0xbfffffff}]
configparams force-mem-access 1
targets -set -nocase -filter {name =~"APU*" && jtag_cable_name =~ "Digilent Zed 210248492416"} -index 0
stop
ps7_init
ps7_post_config
targets -set -nocase -filter {name =~ "ARM*#0" && jtag_cable_name =~ "Digilent Zed 210248492416"} -index 0
rst -processor
targets -set -nocase -filter {name =~ "ARM*#0" && jtag_cable_name =~ "Digilent Zed 210248492416"} -index 0
dow C:/Users/Marcin/Vivado/hc_arm/hc_arm.sdk/codec_test_app/Debug/codec_test_app.elf
configparams force-mem-access 0
----------------End of Script----------------

17:08:32 INFO  : Memory regions updated for context APU
17:08:32 INFO  : Context for processor 'ps7_cortexa9_0' is selected.
17:08:32 INFO  : 'con' command is executed.
17:08:32 INFO  : ----------------XSDB Script (After Launch)----------------
targets -set -nocase -filter {name =~ "ARM*#0" && jtag_cable_name =~ "Digilent Zed 210248492416"} -index 0
con
----------------End of Script----------------

17:08:32 INFO  : Launch script is exported to file 'C:\Users\Marcin\Vivado\hc_arm\hc_arm.sdk\.sdk\launch_scripts\xilinx_c-c++_application_(system_debugger)\system_debugger_using_debug_codec_test_app.elf_on_local.tcl'
17:19:25 INFO  : Connected to target on host '127.0.0.1' and port '3121'.
17:19:28 INFO  : Connected to target on host '127.0.0.1' and port '3121'.
17:19:29 INFO  : 'targets -set -filter {jtag_cable_name =~ "Digilent Zed 210248492416" && level==0} -index 1' command is executed.
17:19:31 INFO  : FPGA configured successfully with bitstream "C:/Users/Marcin/Vivado/hc_arm/hc_arm.sdk/codec_system_wrapper_hw_platform_2/codec_system_wrapper.bit"
17:23:34 INFO  : Disconnected from the channel tcfchan#7.
17:23:35 INFO  : 'targets -set -filter {jtag_cable_name =~ "Digilent Zed 210248492416" && level==0} -index 1' command is executed.
17:23:35 INFO  : 'fpga -state' command is executed.
17:23:35 INFO  : Connected to target on host '127.0.0.1' and port '3121'.
17:23:36 INFO  : Jtag cable 'Digilent Zed 210248492416' is selected.
17:23:36 INFO  : 'jtag frequency' command is executed.
17:23:36 INFO  : Sourcing of 'C:/Users/Marcin/Vivado/hc_arm/hc_arm.sdk/codec_system_wrapper_hw_platform_2/ps7_init.tcl' is done.
17:23:36 INFO  : Context for 'APU' is selected.
17:23:40 INFO  : Hardware design information is loaded from 'C:/Users/Marcin/Vivado/hc_arm/hc_arm.sdk/codec_system_wrapper_hw_platform_2/system.hdf'.
17:23:40 INFO  : 'configparams force-mem-access 1' command is executed.
17:23:40 INFO  : Context for 'APU' is selected.
17:23:40 INFO  : 'stop' command is executed.
17:23:40 INFO  : 'ps7_init' command is executed.
17:23:40 INFO  : 'ps7_post_config' command is executed.
17:23:41 INFO  : Context for processor 'ps7_cortexa9_0' is selected.
17:23:41 INFO  : Processor reset is completed for 'ps7_cortexa9_0'.
17:23:41 INFO  : Context for processor 'ps7_cortexa9_0' is selected.
17:23:41 INFO  : The application 'C:/Users/Marcin/Vivado/hc_arm/hc_arm.sdk/codec_test_app/Debug/codec_test_app.elf' is downloaded to processor 'ps7_cortexa9_0'.
17:23:41 INFO  : 'configparams force-mem-access 0' command is executed.
17:23:41 INFO  : ----------------XSDB Script----------------
connect -url tcp:127.0.0.1:3121
source C:/Users/Marcin/Vivado/hc_arm/hc_arm.sdk/codec_system_wrapper_hw_platform_2/ps7_init.tcl
targets -set -nocase -filter {name =~"APU*" && jtag_cable_name =~ "Digilent Zed 210248492416"} -index 0
loadhw -hw C:/Users/Marcin/Vivado/hc_arm/hc_arm.sdk/codec_system_wrapper_hw_platform_2/system.hdf -mem-ranges [list {0x40000000 0xbfffffff}]
configparams force-mem-access 1
targets -set -nocase -filter {name =~"APU*" && jtag_cable_name =~ "Digilent Zed 210248492416"} -index 0
stop
ps7_init
ps7_post_config
targets -set -nocase -filter {name =~ "ARM*#0" && jtag_cable_name =~ "Digilent Zed 210248492416"} -index 0
rst -processor
targets -set -nocase -filter {name =~ "ARM*#0" && jtag_cable_name =~ "Digilent Zed 210248492416"} -index 0
dow C:/Users/Marcin/Vivado/hc_arm/hc_arm.sdk/codec_test_app/Debug/codec_test_app.elf
configparams force-mem-access 0
----------------End of Script----------------

17:23:41 INFO  : Memory regions updated for context APU
17:23:41 INFO  : Context for processor 'ps7_cortexa9_0' is selected.
17:23:41 INFO  : 'con' command is executed.
17:23:41 INFO  : ----------------XSDB Script (After Launch)----------------
targets -set -nocase -filter {name =~ "ARM*#0" && jtag_cable_name =~ "Digilent Zed 210248492416"} -index 0
con
----------------End of Script----------------

17:23:41 INFO  : Launch script is exported to file 'C:\Users\Marcin\Vivado\hc_arm\hc_arm.sdk\.sdk\launch_scripts\xilinx_c-c++_application_(system_debugger)\system_debugger_using_debug_codec_test_app.elf_on_local.tcl'
17:39:41 INFO  : Disconnected from the channel tcfchan#8.
17:53:29 INFO  : 'targets -set -filter {jtag_cable_name =~ "Digilent Zed 210248492416" && level==0} -index 1' command is executed.
17:53:29 INFO  : 'fpga -state' command is executed.
17:53:29 INFO  : Connected to target on host '127.0.0.1' and port '3121'.
17:53:30 INFO  : Jtag cable 'Digilent Zed 210248492416' is selected.
17:53:30 INFO  : 'jtag frequency' command is executed.
17:53:30 INFO  : Sourcing of 'C:/Users/Marcin/Vivado/hc_arm/hc_arm.sdk/codec_system_wrapper_hw_platform_2/ps7_init.tcl' is done.
17:53:30 INFO  : Context for 'APU' is selected.
17:53:34 INFO  : Hardware design information is loaded from 'C:/Users/Marcin/Vivado/hc_arm/hc_arm.sdk/codec_system_wrapper_hw_platform_2/system.hdf'.
17:53:34 INFO  : 'configparams force-mem-access 1' command is executed.
17:53:34 INFO  : Context for 'APU' is selected.
17:53:34 INFO  : 'stop' command is executed.
17:53:34 INFO  : 'ps7_init' command is executed.
17:53:34 INFO  : 'ps7_post_config' command is executed.
17:53:34 INFO  : Context for processor 'ps7_cortexa9_0' is selected.
17:53:34 INFO  : Processor reset is completed for 'ps7_cortexa9_0'.
17:53:35 INFO  : Context for processor 'ps7_cortexa9_0' is selected.
17:53:35 INFO  : The application 'C:/Users/Marcin/Vivado/hc_arm/hc_arm.sdk/codec_test_app/Debug/codec_test_app.elf' is downloaded to processor 'ps7_cortexa9_0'.
17:53:35 INFO  : 'configparams force-mem-access 0' command is executed.
17:53:35 INFO  : ----------------XSDB Script----------------
connect -url tcp:127.0.0.1:3121
source C:/Users/Marcin/Vivado/hc_arm/hc_arm.sdk/codec_system_wrapper_hw_platform_2/ps7_init.tcl
targets -set -nocase -filter {name =~"APU*" && jtag_cable_name =~ "Digilent Zed 210248492416"} -index 0
loadhw -hw C:/Users/Marcin/Vivado/hc_arm/hc_arm.sdk/codec_system_wrapper_hw_platform_2/system.hdf -mem-ranges [list {0x40000000 0xbfffffff}]
configparams force-mem-access 1
targets -set -nocase -filter {name =~"APU*" && jtag_cable_name =~ "Digilent Zed 210248492416"} -index 0
stop
ps7_init
ps7_post_config
targets -set -nocase -filter {name =~ "ARM*#0" && jtag_cable_name =~ "Digilent Zed 210248492416"} -index 0
rst -processor
targets -set -nocase -filter {name =~ "ARM*#0" && jtag_cable_name =~ "Digilent Zed 210248492416"} -index 0
dow C:/Users/Marcin/Vivado/hc_arm/hc_arm.sdk/codec_test_app/Debug/codec_test_app.elf
configparams force-mem-access 0
----------------End of Script----------------

17:53:35 INFO  : Memory regions updated for context APU
17:53:35 INFO  : Context for processor 'ps7_cortexa9_0' is selected.
17:53:35 INFO  : 'con' command is executed.
17:53:35 INFO  : ----------------XSDB Script (After Launch)----------------
targets -set -nocase -filter {name =~ "ARM*#0" && jtag_cable_name =~ "Digilent Zed 210248492416"} -index 0
con
----------------End of Script----------------

17:53:35 INFO  : Launch script is exported to file 'C:\Users\Marcin\Vivado\hc_arm\hc_arm.sdk\.sdk\launch_scripts\xilinx_c-c++_application_(system_debugger)\system_debugger_using_debug_codec_test_app.elf_on_local.tcl'
17:56:16 INFO  : Disconnected from the channel tcfchan#9.
17:56:45 INFO  : Connected to target on host '127.0.0.1' and port '3121'.
17:56:47 INFO  : Connected to target on host '127.0.0.1' and port '3121'.
17:56:48 INFO  : 'targets -set -filter {jtag_cable_name =~ "Digilent Zed 210248492416" && level==0} -index 1' command is executed.
17:56:50 INFO  : FPGA configured successfully with bitstream "C:/Users/Marcin/Vivado/hc_arm/hc_arm.sdk/codec_system_wrapper_hw_platform_2/codec_system_wrapper.bit"
17:57:43 INFO  : 'targets -set -filter {jtag_cable_name =~ "Digilent Zed 210248492416" && level==0} -index 1' command is executed.
17:57:43 INFO  : 'fpga -state' command is executed.
17:57:43 INFO  : Connected to target on host '127.0.0.1' and port '3121'.
17:57:44 INFO  : Jtag cable 'Digilent Zed 210248492416' is selected.
17:57:44 INFO  : 'jtag frequency' command is executed.
17:57:44 INFO  : Sourcing of 'C:/Users/Marcin/Vivado/hc_arm/hc_arm.sdk/codec_system_wrapper_hw_platform_2/ps7_init.tcl' is done.
17:57:44 INFO  : Context for 'APU' is selected.
17:57:44 INFO  : Hardware design information is loaded from 'C:/Users/Marcin/Vivado/hc_arm/hc_arm.sdk/codec_system_wrapper_hw_platform_2/system.hdf'.
17:57:44 INFO  : 'configparams force-mem-access 1' command is executed.
17:57:44 INFO  : Context for 'APU' is selected.
17:57:44 INFO  : 'stop' command is executed.
17:57:45 INFO  : 'ps7_init' command is executed.
17:57:45 INFO  : 'ps7_post_config' command is executed.
17:57:45 INFO  : Context for processor 'ps7_cortexa9_0' is selected.
17:57:45 INFO  : Processor reset is completed for 'ps7_cortexa9_0'.
17:57:45 INFO  : Context for processor 'ps7_cortexa9_0' is selected.
17:57:46 INFO  : The application 'C:/Users/Marcin/Vivado/hc_arm/hc_arm.sdk/codec_test_app/Debug/codec_test_app.elf' is downloaded to processor 'ps7_cortexa9_0'.
17:57:46 INFO  : 'configparams force-mem-access 0' command is executed.
17:57:46 INFO  : ----------------XSDB Script----------------
connect -url tcp:127.0.0.1:3121
source C:/Users/Marcin/Vivado/hc_arm/hc_arm.sdk/codec_system_wrapper_hw_platform_2/ps7_init.tcl
targets -set -nocase -filter {name =~"APU*" && jtag_cable_name =~ "Digilent Zed 210248492416"} -index 0
loadhw -hw C:/Users/Marcin/Vivado/hc_arm/hc_arm.sdk/codec_system_wrapper_hw_platform_2/system.hdf -mem-ranges [list {0x40000000 0xbfffffff}]
configparams force-mem-access 1
targets -set -nocase -filter {name =~"APU*" && jtag_cable_name =~ "Digilent Zed 210248492416"} -index 0
stop
ps7_init
ps7_post_config
targets -set -nocase -filter {name =~ "ARM*#0" && jtag_cable_name =~ "Digilent Zed 210248492416"} -index 0
rst -processor
targets -set -nocase -filter {name =~ "ARM*#0" && jtag_cable_name =~ "Digilent Zed 210248492416"} -index 0
dow C:/Users/Marcin/Vivado/hc_arm/hc_arm.sdk/codec_test_app/Debug/codec_test_app.elf
configparams force-mem-access 0
----------------End of Script----------------

17:57:46 INFO  : Memory regions updated for context APU
17:57:46 INFO  : Context for processor 'ps7_cortexa9_0' is selected.
17:57:46 INFO  : 'con' command is executed.
17:57:46 INFO  : ----------------XSDB Script (After Launch)----------------
targets -set -nocase -filter {name =~ "ARM*#0" && jtag_cable_name =~ "Digilent Zed 210248492416"} -index 0
con
----------------End of Script----------------

17:57:46 INFO  : Launch script is exported to file 'C:\Users\Marcin\Vivado\hc_arm\hc_arm.sdk\.sdk\launch_scripts\xilinx_c-c++_application_(system_debugger)\system_debugger_using_debug_codec_test_app.elf_on_local.tcl'
18:06:30 INFO  : Disconnected from the channel tcfchan#10.
18:07:40 INFO  : Connected to target on host '127.0.0.1' and port '3121'.
18:07:43 INFO  : Connected to target on host '127.0.0.1' and port '3121'.
18:07:43 INFO  : 'targets -set -filter {jtag_cable_name =~ "Digilent Zed 210248492416" && level==0} -index 1' command is executed.
18:07:45 INFO  : FPGA configured successfully with bitstream "C:/Users/Marcin/Vivado/hc_arm/hc_arm.sdk/codec_system_wrapper_hw_platform_2/codec_system_wrapper.bit"
18:31:58 INFO  : Connected to target on host '127.0.0.1' and port '3121'.
18:32:01 INFO  : Connected to target on host '127.0.0.1' and port '3121'.
18:32:01 INFO  : 'targets -set -filter {jtag_cable_name =~ "Digilent Zed 210248492416" && level==0} -index 1' command is executed.
18:32:03 INFO  : FPGA configured successfully with bitstream "C:/Users/Marcin/Vivado/hc_arm/hc_arm.sdk/codec_system_wrapper_hw_platform_2/codec_system_wrapper.bit"
18:35:23 INFO  : 'targets -set -filter {jtag_cable_name =~ "Digilent Zed 210248492416" && level==0} -index 1' command is executed.
18:35:23 INFO  : 'fpga -state' command is executed.
18:35:23 INFO  : Connected to target on host '127.0.0.1' and port '3121'.
18:35:24 INFO  : Jtag cable 'Digilent Zed 210248492416' is selected.
18:35:24 INFO  : 'jtag frequency' command is executed.
18:35:24 INFO  : Sourcing of 'C:/Users/Marcin/Vivado/hc_arm/hc_arm.sdk/codec_system_wrapper_hw_platform_2/ps7_init.tcl' is done.
18:35:24 INFO  : Context for 'APU' is selected.
18:35:24 INFO  : Hardware design information is loaded from 'C:/Users/Marcin/Vivado/hc_arm/hc_arm.sdk/codec_system_wrapper_hw_platform_2/system.hdf'.
18:35:24 INFO  : 'configparams force-mem-access 1' command is executed.
18:35:24 INFO  : Context for 'APU' is selected.
18:35:24 INFO  : 'stop' command is executed.
18:35:25 INFO  : 'ps7_init' command is executed.
18:35:25 INFO  : 'ps7_post_config' command is executed.
18:35:25 INFO  : Context for processor 'ps7_cortexa9_0' is selected.
18:35:25 INFO  : Processor reset is completed for 'ps7_cortexa9_0'.
18:35:25 INFO  : Context for processor 'ps7_cortexa9_0' is selected.
18:35:25 INFO  : The application 'C:/Users/Marcin/Vivado/hc_arm/hc_arm.sdk/codec_test_app/Debug/codec_test_app.elf' is downloaded to processor 'ps7_cortexa9_0'.
18:35:25 INFO  : 'configparams force-mem-access 0' command is executed.
18:35:25 INFO  : ----------------XSDB Script----------------
connect -url tcp:127.0.0.1:3121
source C:/Users/Marcin/Vivado/hc_arm/hc_arm.sdk/codec_system_wrapper_hw_platform_2/ps7_init.tcl
targets -set -nocase -filter {name =~"APU*" && jtag_cable_name =~ "Digilent Zed 210248492416"} -index 0
loadhw -hw C:/Users/Marcin/Vivado/hc_arm/hc_arm.sdk/codec_system_wrapper_hw_platform_2/system.hdf -mem-ranges [list {0x40000000 0xbfffffff}]
configparams force-mem-access 1
targets -set -nocase -filter {name =~"APU*" && jtag_cable_name =~ "Digilent Zed 210248492416"} -index 0
stop
ps7_init
ps7_post_config
targets -set -nocase -filter {name =~ "ARM*#0" && jtag_cable_name =~ "Digilent Zed 210248492416"} -index 0
rst -processor
targets -set -nocase -filter {name =~ "ARM*#0" && jtag_cable_name =~ "Digilent Zed 210248492416"} -index 0
dow C:/Users/Marcin/Vivado/hc_arm/hc_arm.sdk/codec_test_app/Debug/codec_test_app.elf
configparams force-mem-access 0
----------------End of Script----------------

18:35:25 INFO  : Memory regions updated for context APU
18:35:26 INFO  : Context for processor 'ps7_cortexa9_0' is selected.
18:35:26 INFO  : 'con' command is executed.
18:35:26 INFO  : ----------------XSDB Script (After Launch)----------------
targets -set -nocase -filter {name =~ "ARM*#0" && jtag_cable_name =~ "Digilent Zed 210248492416"} -index 0
con
----------------End of Script----------------

18:35:26 INFO  : Launch script is exported to file 'C:\Users\Marcin\Vivado\hc_arm\hc_arm.sdk\.sdk\launch_scripts\xilinx_c-c++_application_(system_debugger)\system_debugger_using_debug_codec_test_app.elf_on_local.tcl'
19:14:05 INFO  : Connected to target on host '127.0.0.1' and port '3121'.
19:14:07 INFO  : Connected to target on host '127.0.0.1' and port '3121'.
19:14:07 INFO  : 'targets -set -filter {jtag_cable_name =~ "Digilent Zed 210248492416" && level==0} -index 1' command is executed.
19:14:10 INFO  : FPGA configured successfully with bitstream "C:/Users/Marcin/Vivado/hc_arm/hc_arm.sdk/codec_system_wrapper_hw_platform_2/codec_system_wrapper.bit"
21:40:01 INFO  : Disconnected from the channel tcfchan#11.
11:07:33 INFO  : Registering command handlers for SDK TCF services
11:07:35 INFO  : Launching XSCT server: xsct.bat -interactive C:\Users\Marcin\Vivado\hc_arm\hc_arm.sdk\temp_xsdb_launch_script.tcl
11:07:40 INFO  : XSCT server has started successfully.
11:07:44 INFO  : Successfully done setting XSCT server connection channel  
11:07:44 INFO  : Processing command line option -hwspec C:/Users/Marcin/Vivado/hc_arm/hc_arm.sdk/codec_system_wrapper.hdf.
11:07:44 INFO  : Successfully done setting SDK workspace  
11:07:44 INFO  : Checking for hwspec changes in the project codec_system_wrapper_hw_platform_2.
11:08:50 INFO  : Connected to target on host '127.0.0.1' and port '3121'.
11:08:53 INFO  : Connected to target on host '127.0.0.1' and port '3121'.
11:08:53 INFO  : 'targets -set -filter {jtag_cable_name =~ "Digilent Zed 210248492416" && level==0} -index 1' command is executed.
11:08:56 INFO  : FPGA configured successfully with bitstream "C:/Users/Marcin/Vivado/hc_arm/hc_arm.sdk/codec_system_wrapper_hw_platform_2/codec_system_wrapper.bit"
11:12:58 INFO  : 'targets -set -filter {jtag_cable_name =~ "Digilent Zed 210248492416" && level==0} -index 1' command is executed.
11:12:58 INFO  : 'fpga -state' command is executed.
11:12:58 INFO  : Connected to target on host '127.0.0.1' and port '3121'.
11:13:00 INFO  : Jtag cable 'Digilent Zed 210248492416' is selected.
11:13:00 INFO  : 'jtag frequency' command is executed.
11:13:00 INFO  : Sourcing of 'C:/Users/Marcin/Vivado/hc_arm/hc_arm.sdk/codec_system_wrapper_hw_platform_2/ps7_init.tcl' is done.
11:13:00 INFO  : Context for 'APU' is selected.
11:13:00 INFO  : Hardware design information is loaded from 'C:/Users/Marcin/Vivado/hc_arm/hc_arm.sdk/codec_system_wrapper_hw_platform_2/system.hdf'.
11:13:00 INFO  : 'configparams force-mem-access 1' command is executed.
11:13:00 INFO  : Context for 'APU' is selected.
11:13:00 INFO  : 'stop' command is executed.
11:13:01 INFO  : 'ps7_init' command is executed.
11:13:01 INFO  : 'ps7_post_config' command is executed.
11:13:01 INFO  : Context for processor 'ps7_cortexa9_0' is selected.
11:13:01 INFO  : Processor reset is completed for 'ps7_cortexa9_0'.
11:13:01 INFO  : Context for processor 'ps7_cortexa9_0' is selected.
11:13:01 INFO  : The application 'C:/Users/Marcin/Vivado/hc_arm/hc_arm.sdk/codec_test_app/Debug/codec_test_app.elf' is downloaded to processor 'ps7_cortexa9_0'.
11:13:01 INFO  : 'configparams force-mem-access 0' command is executed.
11:13:01 INFO  : ----------------XSDB Script----------------
connect -url tcp:127.0.0.1:3121
source C:/Users/Marcin/Vivado/hc_arm/hc_arm.sdk/codec_system_wrapper_hw_platform_2/ps7_init.tcl
targets -set -nocase -filter {name =~"APU*" && jtag_cable_name =~ "Digilent Zed 210248492416"} -index 0
loadhw -hw C:/Users/Marcin/Vivado/hc_arm/hc_arm.sdk/codec_system_wrapper_hw_platform_2/system.hdf -mem-ranges [list {0x40000000 0xbfffffff}]
configparams force-mem-access 1
targets -set -nocase -filter {name =~"APU*" && jtag_cable_name =~ "Digilent Zed 210248492416"} -index 0
stop
ps7_init
ps7_post_config
targets -set -nocase -filter {name =~ "ARM*#0" && jtag_cable_name =~ "Digilent Zed 210248492416"} -index 0
rst -processor
targets -set -nocase -filter {name =~ "ARM*#0" && jtag_cable_name =~ "Digilent Zed 210248492416"} -index 0
dow C:/Users/Marcin/Vivado/hc_arm/hc_arm.sdk/codec_test_app/Debug/codec_test_app.elf
configparams force-mem-access 0
----------------End of Script----------------

11:13:01 INFO  : Memory regions updated for context APU
11:13:02 INFO  : Context for processor 'ps7_cortexa9_0' is selected.
11:13:02 INFO  : 'con' command is executed.
11:13:02 INFO  : ----------------XSDB Script (After Launch)----------------
targets -set -nocase -filter {name =~ "ARM*#0" && jtag_cable_name =~ "Digilent Zed 210248492416"} -index 0
con
----------------End of Script----------------

11:13:02 INFO  : Launch script is exported to file 'C:\Users\Marcin\Vivado\hc_arm\hc_arm.sdk\.sdk\launch_scripts\xilinx_c-c++_application_(system_debugger)\system_debugger_using_debug_codec_test_app.elf_on_local.tcl'
11:23:27 INFO  : Disconnected from the channel tcfchan#1.
11:30:18 INFO  : 'targets -set -filter {jtag_cable_name =~ "Digilent Zed 210248492416" && level==0} -index 1' command is executed.
11:30:18 INFO  : 'fpga -state' command is executed.
11:30:18 INFO  : Connected to target on host '127.0.0.1' and port '3121'.
11:30:19 INFO  : Jtag cable 'Digilent Zed 210248492416' is selected.
11:30:19 INFO  : 'jtag frequency' command is executed.
11:30:19 INFO  : Sourcing of 'C:/Users/Marcin/Vivado/hc_arm/hc_arm.sdk/codec_system_wrapper_hw_platform_2/ps7_init.tcl' is done.
11:30:19 INFO  : Context for 'APU' is selected.
11:30:23 INFO  : Hardware design information is loaded from 'C:/Users/Marcin/Vivado/hc_arm/hc_arm.sdk/codec_system_wrapper_hw_platform_2/system.hdf'.
11:30:23 INFO  : 'configparams force-mem-access 1' command is executed.
11:30:23 INFO  : Context for 'APU' is selected.
11:30:23 INFO  : 'stop' command is executed.
11:30:24 INFO  : 'ps7_init' command is executed.
11:30:24 INFO  : 'ps7_post_config' command is executed.
11:30:24 INFO  : Context for processor 'ps7_cortexa9_0' is selected.
11:30:24 INFO  : Processor reset is completed for 'ps7_cortexa9_0'.
11:30:24 INFO  : Context for processor 'ps7_cortexa9_0' is selected.
11:30:24 INFO  : The application 'C:/Users/Marcin/Vivado/hc_arm/hc_arm.sdk/codec_test_app/Debug/codec_test_app.elf' is downloaded to processor 'ps7_cortexa9_0'.
11:30:24 INFO  : 'configparams force-mem-access 0' command is executed.
11:30:24 INFO  : ----------------XSDB Script----------------
connect -url tcp:127.0.0.1:3121
source C:/Users/Marcin/Vivado/hc_arm/hc_arm.sdk/codec_system_wrapper_hw_platform_2/ps7_init.tcl
targets -set -nocase -filter {name =~"APU*" && jtag_cable_name =~ "Digilent Zed 210248492416"} -index 0
loadhw -hw C:/Users/Marcin/Vivado/hc_arm/hc_arm.sdk/codec_system_wrapper_hw_platform_2/system.hdf -mem-ranges [list {0x40000000 0xbfffffff}]
configparams force-mem-access 1
targets -set -nocase -filter {name =~"APU*" && jtag_cable_name =~ "Digilent Zed 210248492416"} -index 0
stop
ps7_init
ps7_post_config
targets -set -nocase -filter {name =~ "ARM*#0" && jtag_cable_name =~ "Digilent Zed 210248492416"} -index 0
rst -processor
targets -set -nocase -filter {name =~ "ARM*#0" && jtag_cable_name =~ "Digilent Zed 210248492416"} -index 0
dow C:/Users/Marcin/Vivado/hc_arm/hc_arm.sdk/codec_test_app/Debug/codec_test_app.elf
configparams force-mem-access 0
----------------End of Script----------------

11:30:24 INFO  : Memory regions updated for context APU
11:30:24 INFO  : Context for processor 'ps7_cortexa9_0' is selected.
11:30:25 INFO  : 'con' command is executed.
11:30:25 INFO  : ----------------XSDB Script (After Launch)----------------
targets -set -nocase -filter {name =~ "ARM*#0" && jtag_cable_name =~ "Digilent Zed 210248492416"} -index 0
con
----------------End of Script----------------

11:30:25 INFO  : Launch script is exported to file 'C:\Users\Marcin\Vivado\hc_arm\hc_arm.sdk\.sdk\launch_scripts\xilinx_c-c++_application_(system_debugger)\system_debugger_using_debug_codec_test_app.elf_on_local.tcl'
11:34:57 INFO  : Disconnected from the channel tcfchan#2.
11:41:07 INFO  : 'targets -set -filter {jtag_cable_name =~ "Digilent Zed 210248492416" && level==0} -index 1' command is executed.
11:41:07 INFO  : 'fpga -state' command is executed.
11:41:07 INFO  : Connected to target on host '127.0.0.1' and port '3121'.
11:41:08 INFO  : Jtag cable 'Digilent Zed 210248492416' is selected.
11:41:08 INFO  : 'jtag frequency' command is executed.
11:41:08 INFO  : Sourcing of 'C:/Users/Marcin/Vivado/hc_arm/hc_arm.sdk/codec_system_wrapper_hw_platform_2/ps7_init.tcl' is done.
11:41:08 INFO  : Context for 'APU' is selected.
11:41:11 INFO  : Hardware design information is loaded from 'C:/Users/Marcin/Vivado/hc_arm/hc_arm.sdk/codec_system_wrapper_hw_platform_2/system.hdf'.
11:41:11 INFO  : 'configparams force-mem-access 1' command is executed.
11:41:12 INFO  : Context for 'APU' is selected.
11:41:12 INFO  : 'stop' command is executed.
11:41:12 INFO  : 'ps7_init' command is executed.
11:41:12 INFO  : 'ps7_post_config' command is executed.
11:41:12 INFO  : Context for processor 'ps7_cortexa9_0' is selected.
11:41:12 INFO  : Processor reset is completed for 'ps7_cortexa9_0'.
11:41:12 INFO  : Context for processor 'ps7_cortexa9_0' is selected.
11:41:12 INFO  : The application 'C:/Users/Marcin/Vivado/hc_arm/hc_arm.sdk/codec_test_app/Debug/codec_test_app.elf' is downloaded to processor 'ps7_cortexa9_0'.
11:41:12 INFO  : 'configparams force-mem-access 0' command is executed.
11:41:12 INFO  : ----------------XSDB Script----------------
connect -url tcp:127.0.0.1:3121
source C:/Users/Marcin/Vivado/hc_arm/hc_arm.sdk/codec_system_wrapper_hw_platform_2/ps7_init.tcl
targets -set -nocase -filter {name =~"APU*" && jtag_cable_name =~ "Digilent Zed 210248492416"} -index 0
loadhw -hw C:/Users/Marcin/Vivado/hc_arm/hc_arm.sdk/codec_system_wrapper_hw_platform_2/system.hdf -mem-ranges [list {0x40000000 0xbfffffff}]
configparams force-mem-access 1
targets -set -nocase -filter {name =~"APU*" && jtag_cable_name =~ "Digilent Zed 210248492416"} -index 0
stop
ps7_init
ps7_post_config
targets -set -nocase -filter {name =~ "ARM*#0" && jtag_cable_name =~ "Digilent Zed 210248492416"} -index 0
rst -processor
targets -set -nocase -filter {name =~ "ARM*#0" && jtag_cable_name =~ "Digilent Zed 210248492416"} -index 0
dow C:/Users/Marcin/Vivado/hc_arm/hc_arm.sdk/codec_test_app/Debug/codec_test_app.elf
configparams force-mem-access 0
----------------End of Script----------------

11:41:12 INFO  : Memory regions updated for context APU
11:41:13 INFO  : Context for processor 'ps7_cortexa9_0' is selected.
11:41:13 INFO  : 'con' command is executed.
11:41:13 INFO  : ----------------XSDB Script (After Launch)----------------
targets -set -nocase -filter {name =~ "ARM*#0" && jtag_cable_name =~ "Digilent Zed 210248492416"} -index 0
con
----------------End of Script----------------

11:41:13 INFO  : Launch script is exported to file 'C:\Users\Marcin\Vivado\hc_arm\hc_arm.sdk\.sdk\launch_scripts\xilinx_c-c++_application_(system_debugger)\system_debugger_using_debug_codec_test_app.elf_on_local.tcl'
11:45:50 INFO  : Disconnected from the channel tcfchan#3.
11:45:59 INFO  : 'targets -set -filter {jtag_cable_name =~ "Digilent Zed 210248492416" && level==0} -index 1' command is executed.
11:45:59 INFO  : 'fpga -state' command is executed.
11:45:59 INFO  : Connected to target on host '127.0.0.1' and port '3121'.
11:46:00 INFO  : Jtag cable 'Digilent Zed 210248492416' is selected.
11:46:00 INFO  : 'jtag frequency' command is executed.
11:46:00 INFO  : Sourcing of 'C:/Users/Marcin/Vivado/hc_arm/hc_arm.sdk/codec_system_wrapper_hw_platform_2/ps7_init.tcl' is done.
11:46:00 INFO  : Context for 'APU' is selected.
11:46:03 INFO  : Hardware design information is loaded from 'C:/Users/Marcin/Vivado/hc_arm/hc_arm.sdk/codec_system_wrapper_hw_platform_2/system.hdf'.
11:46:03 INFO  : 'configparams force-mem-access 1' command is executed.
11:46:03 INFO  : Context for 'APU' is selected.
11:46:04 INFO  : 'stop' command is executed.
11:46:04 INFO  : 'ps7_init' command is executed.
11:46:04 INFO  : 'ps7_post_config' command is executed.
11:46:04 INFO  : Context for processor 'ps7_cortexa9_0' is selected.
11:46:04 INFO  : Processor reset is completed for 'ps7_cortexa9_0'.
11:46:04 INFO  : Context for processor 'ps7_cortexa9_0' is selected.
11:46:04 INFO  : The application 'C:/Users/Marcin/Vivado/hc_arm/hc_arm.sdk/codec_test_app/Debug/codec_test_app.elf' is downloaded to processor 'ps7_cortexa9_0'.
11:46:04 INFO  : 'configparams force-mem-access 0' command is executed.
11:46:04 INFO  : ----------------XSDB Script----------------
connect -url tcp:127.0.0.1:3121
source C:/Users/Marcin/Vivado/hc_arm/hc_arm.sdk/codec_system_wrapper_hw_platform_2/ps7_init.tcl
targets -set -nocase -filter {name =~"APU*" && jtag_cable_name =~ "Digilent Zed 210248492416"} -index 0
loadhw -hw C:/Users/Marcin/Vivado/hc_arm/hc_arm.sdk/codec_system_wrapper_hw_platform_2/system.hdf -mem-ranges [list {0x40000000 0xbfffffff}]
configparams force-mem-access 1
targets -set -nocase -filter {name =~"APU*" && jtag_cable_name =~ "Digilent Zed 210248492416"} -index 0
stop
ps7_init
ps7_post_config
targets -set -nocase -filter {name =~ "ARM*#0" && jtag_cable_name =~ "Digilent Zed 210248492416"} -index 0
rst -processor
targets -set -nocase -filter {name =~ "ARM*#0" && jtag_cable_name =~ "Digilent Zed 210248492416"} -index 0
dow C:/Users/Marcin/Vivado/hc_arm/hc_arm.sdk/codec_test_app/Debug/codec_test_app.elf
configparams force-mem-access 0
----------------End of Script----------------

11:46:04 INFO  : Memory regions updated for context APU
11:46:05 INFO  : Context for processor 'ps7_cortexa9_0' is selected.
11:46:05 INFO  : 'con' command is executed.
11:46:05 INFO  : ----------------XSDB Script (After Launch)----------------
targets -set -nocase -filter {name =~ "ARM*#0" && jtag_cable_name =~ "Digilent Zed 210248492416"} -index 0
con
----------------End of Script----------------

11:46:05 INFO  : Launch script is exported to file 'C:\Users\Marcin\Vivado\hc_arm\hc_arm.sdk\.sdk\launch_scripts\xilinx_c-c++_application_(system_debugger)\system_debugger_using_debug_codec_test_app.elf_on_local.tcl'
12:37:39 INFO  : SDK has detected change in the last modified timestamps for source hardware specification file Source:1560767702238,  Project:1560606072375
12:37:39 INFO  : Project codec_system_wrapper_hw_platform_2's source hardware specification located at C:/Users/Marcin/Vivado/hc_arm/hc_arm.sdk/codec_system_wrapper.hdf is now different from the local copy.
		 The local copy will be replaced with the source specification and your workspace will be updated.
12:37:57 INFO  : Copied contents of C:/Users/Marcin/Vivado/hc_arm/hc_arm.sdk/codec_system_wrapper.hdf into \codec_system_wrapper_hw_platform_2\system.hdf.
12:38:05 INFO  : Synchronizing projects in the workspace with the hardware platform specification changes.
12:38:13 INFO  : 
12:38:14 INFO  : Updating hardware inferred compiler options for codec_test_app.
12:38:14 INFO  : Clearing existing target manager status.
12:38:14 INFO  : Closing and re-opening the MSS file of ther project codec_test_app_bsp
13:23:38 INFO  : Connected to target on host '127.0.0.1' and port '3121'.
13:23:41 INFO  : Connected to target on host '127.0.0.1' and port '3121'.
13:23:41 INFO  : 'targets -set -filter {jtag_cable_name =~ "Digilent Zed 210248492416" && level==0} -index 1' command is executed.
13:23:43 INFO  : FPGA configured successfully with bitstream "C:/Users/Marcin/Vivado/hc_arm/hc_arm.sdk/codec_system_wrapper_hw_platform_2/codec_system_wrapper.bit"
13:24:09 INFO  : Disconnected from the channel tcfchan#4.
13:24:13 ERROR : no targets found with "jtag_cable_name =~ "Digilent Zed 210248492416" && level==0". available targets:
  1  APU
     2  ARM Cortex-A9 MPCore #0 (Running)
     3  ARM Cortex-A9 MPCore #1 (Running)
  4* xc7z020
13:24:40 INFO  : 'targets -set -filter {jtag_cable_name =~ "Digilent Zed 210248492416" && level==0} -index 1' command is executed.
13:24:40 INFO  : 'fpga -state' command is executed.
13:24:43 INFO  : Connected to target on host '127.0.0.1' and port '3121'.
13:24:44 INFO  : Jtag cable 'Digilent Zed 210248492416' is selected.
13:24:44 INFO  : 'jtag frequency' command is executed.
13:24:44 INFO  : Sourcing of 'C:/Users/Marcin/Vivado/hc_arm/hc_arm.sdk/codec_system_wrapper_hw_platform_2/ps7_init.tcl' is done.
13:24:44 INFO  : Context for 'APU' is selected.
13:24:44 INFO  : Hardware design information is loaded from 'C:/Users/Marcin/Vivado/hc_arm/hc_arm.sdk/codec_system_wrapper_hw_platform_2/system.hdf'.
13:24:44 INFO  : 'configparams force-mem-access 1' command is executed.
13:24:44 INFO  : Context for 'APU' is selected.
13:24:44 INFO  : 'stop' command is executed.
13:24:45 INFO  : 'ps7_init' command is executed.
13:24:45 INFO  : 'ps7_post_config' command is executed.
13:24:45 INFO  : Context for processor 'ps7_cortexa9_0' is selected.
13:24:45 INFO  : Processor reset is completed for 'ps7_cortexa9_0'.
13:24:45 INFO  : Context for processor 'ps7_cortexa9_0' is selected.
13:24:45 INFO  : The application 'C:/Users/Marcin/Vivado/hc_arm/hc_arm.sdk/codec_test_app/Debug/codec_test_app.elf' is downloaded to processor 'ps7_cortexa9_0'.
13:24:45 INFO  : 'configparams force-mem-access 0' command is executed.
13:24:45 INFO  : ----------------XSDB Script----------------
connect -url tcp:127.0.0.1:3121
source C:/Users/Marcin/Vivado/hc_arm/hc_arm.sdk/codec_system_wrapper_hw_platform_2/ps7_init.tcl
targets -set -nocase -filter {name =~"APU*" && jtag_cable_name =~ "Digilent Zed 210248492416"} -index 0
loadhw -hw C:/Users/Marcin/Vivado/hc_arm/hc_arm.sdk/codec_system_wrapper_hw_platform_2/system.hdf -mem-ranges [list {0x40000000 0xbfffffff}]
configparams force-mem-access 1
targets -set -nocase -filter {name =~"APU*" && jtag_cable_name =~ "Digilent Zed 210248492416"} -index 0
stop
ps7_init
ps7_post_config
targets -set -nocase -filter {name =~ "ARM*#0" && jtag_cable_name =~ "Digilent Zed 210248492416"} -index 0
rst -processor
targets -set -nocase -filter {name =~ "ARM*#0" && jtag_cable_name =~ "Digilent Zed 210248492416"} -index 0
dow C:/Users/Marcin/Vivado/hc_arm/hc_arm.sdk/codec_test_app/Debug/codec_test_app.elf
configparams force-mem-access 0
----------------End of Script----------------

13:24:45 INFO  : Memory regions updated for context APU
13:24:45 INFO  : Context for processor 'ps7_cortexa9_0' is selected.
13:24:45 INFO  : 'con' command is executed.
13:24:45 INFO  : ----------------XSDB Script (After Launch)----------------
targets -set -nocase -filter {name =~ "ARM*#0" && jtag_cable_name =~ "Digilent Zed 210248492416"} -index 0
con
----------------End of Script----------------

13:24:45 INFO  : Launch script is exported to file 'C:\Users\Marcin\Vivado\hc_arm\hc_arm.sdk\.sdk\launch_scripts\xilinx_c-c++_application_(system_debugger)\system_debugger_using_debug_codec_test_app.elf_on_local.tcl'
13:25:40 INFO  : Connected to target on host '127.0.0.1' and port '3121'.
13:25:49 INFO  : Connected to target on host '127.0.0.1' and port '3121'.
13:25:49 INFO  : 'targets -set -filter {jtag_cable_name =~ "Digilent Zed 210248492416" && level==0} -index 1' command is executed.
13:25:52 INFO  : FPGA configured successfully with bitstream "C:/Users/Marcin/Vivado/hc_arm/hc_arm.sdk/codec_system_wrapper_hw_platform_2/codec_system_wrapper.bit"
13:26:10 INFO  : Disconnected from the channel tcfchan#5.
13:26:11 INFO  : 'targets -set -filter {jtag_cable_name =~ "Digilent Zed 210248492416" && level==0} -index 1' command is executed.
13:26:11 INFO  : 'fpga -state' command is executed.
13:26:11 INFO  : Connected to target on host '127.0.0.1' and port '3121'.
13:26:12 INFO  : Jtag cable 'Digilent Zed 210248492416' is selected.
13:26:12 INFO  : 'jtag frequency' command is executed.
13:26:12 INFO  : Sourcing of 'C:/Users/Marcin/Vivado/hc_arm/hc_arm.sdk/codec_system_wrapper_hw_platform_2/ps7_init.tcl' is done.
13:26:12 INFO  : Context for 'APU' is selected.
13:26:15 INFO  : Hardware design information is loaded from 'C:/Users/Marcin/Vivado/hc_arm/hc_arm.sdk/codec_system_wrapper_hw_platform_2/system.hdf'.
13:26:15 INFO  : 'configparams force-mem-access 1' command is executed.
13:26:15 INFO  : Context for 'APU' is selected.
13:26:15 INFO  : 'stop' command is executed.
13:26:16 INFO  : 'ps7_init' command is executed.
13:26:16 INFO  : 'ps7_post_config' command is executed.
13:26:16 INFO  : Context for processor 'ps7_cortexa9_0' is selected.
13:26:16 INFO  : Processor reset is completed for 'ps7_cortexa9_0'.
13:26:16 INFO  : Context for processor 'ps7_cortexa9_0' is selected.
13:26:16 INFO  : The application 'C:/Users/Marcin/Vivado/hc_arm/hc_arm.sdk/codec_test_app/Debug/codec_test_app.elf' is downloaded to processor 'ps7_cortexa9_0'.
13:26:16 INFO  : 'configparams force-mem-access 0' command is executed.
13:26:16 INFO  : ----------------XSDB Script----------------
connect -url tcp:127.0.0.1:3121
source C:/Users/Marcin/Vivado/hc_arm/hc_arm.sdk/codec_system_wrapper_hw_platform_2/ps7_init.tcl
targets -set -nocase -filter {name =~"APU*" && jtag_cable_name =~ "Digilent Zed 210248492416"} -index 0
loadhw -hw C:/Users/Marcin/Vivado/hc_arm/hc_arm.sdk/codec_system_wrapper_hw_platform_2/system.hdf -mem-ranges [list {0x40000000 0xbfffffff}]
configparams force-mem-access 1
targets -set -nocase -filter {name =~"APU*" && jtag_cable_name =~ "Digilent Zed 210248492416"} -index 0
stop
ps7_init
ps7_post_config
targets -set -nocase -filter {name =~ "ARM*#0" && jtag_cable_name =~ "Digilent Zed 210248492416"} -index 0
rst -processor
targets -set -nocase -filter {name =~ "ARM*#0" && jtag_cable_name =~ "Digilent Zed 210248492416"} -index 0
dow C:/Users/Marcin/Vivado/hc_arm/hc_arm.sdk/codec_test_app/Debug/codec_test_app.elf
configparams force-mem-access 0
----------------End of Script----------------

13:26:16 INFO  : Memory regions updated for context APU
13:26:16 INFO  : Context for processor 'ps7_cortexa9_0' is selected.
13:26:17 INFO  : 'con' command is executed.
13:26:17 INFO  : ----------------XSDB Script (After Launch)----------------
targets -set -nocase -filter {name =~ "ARM*#0" && jtag_cable_name =~ "Digilent Zed 210248492416"} -index 0
con
----------------End of Script----------------

13:26:17 INFO  : Launch script is exported to file 'C:\Users\Marcin\Vivado\hc_arm\hc_arm.sdk\.sdk\launch_scripts\xilinx_c-c++_application_(system_debugger)\system_debugger_using_debug_codec_test_app.elf_on_local.tcl'
13:29:17 INFO  : Disconnected from the channel tcfchan#6.
13:29:18 INFO  : 'targets -set -filter {jtag_cable_name =~ "Digilent Zed 210248492416" && level==0} -index 1' command is executed.
13:29:18 INFO  : 'fpga -state' command is executed.
13:29:20 INFO  : Connected to target on host '127.0.0.1' and port '3121'.
13:29:20 INFO  : Jtag cable 'Digilent Zed 210248492416' is selected.
13:29:21 INFO  : 'jtag frequency' command is executed.
13:29:21 INFO  : Sourcing of 'C:/Users/Marcin/Vivado/hc_arm/hc_arm.sdk/codec_system_wrapper_hw_platform_2/ps7_init.tcl' is done.
13:29:21 INFO  : Context for 'APU' is selected.
13:29:21 INFO  : Hardware design information is loaded from 'C:/Users/Marcin/Vivado/hc_arm/hc_arm.sdk/codec_system_wrapper_hw_platform_2/system.hdf'.
13:29:21 INFO  : 'configparams force-mem-access 1' command is executed.
13:29:21 INFO  : Context for 'APU' is selected.
13:29:21 INFO  : 'stop' command is executed.
13:29:21 INFO  : 'ps7_init' command is executed.
13:29:21 INFO  : 'ps7_post_config' command is executed.
13:29:21 INFO  : Context for processor 'ps7_cortexa9_0' is selected.
13:29:21 INFO  : Processor reset is completed for 'ps7_cortexa9_0'.
13:29:21 INFO  : Context for processor 'ps7_cortexa9_0' is selected.
13:29:22 INFO  : The application 'C:/Users/Marcin/Vivado/hc_arm/hc_arm.sdk/codec_test_app/Debug/codec_test_app.elf' is downloaded to processor 'ps7_cortexa9_0'.
13:29:22 INFO  : 'configparams force-mem-access 0' command is executed.
13:29:22 INFO  : ----------------XSDB Script----------------
connect -url tcp:127.0.0.1:3121
source C:/Users/Marcin/Vivado/hc_arm/hc_arm.sdk/codec_system_wrapper_hw_platform_2/ps7_init.tcl
targets -set -nocase -filter {name =~"APU*" && jtag_cable_name =~ "Digilent Zed 210248492416"} -index 0
loadhw -hw C:/Users/Marcin/Vivado/hc_arm/hc_arm.sdk/codec_system_wrapper_hw_platform_2/system.hdf -mem-ranges [list {0x40000000 0xbfffffff}]
configparams force-mem-access 1
targets -set -nocase -filter {name =~"APU*" && jtag_cable_name =~ "Digilent Zed 210248492416"} -index 0
stop
ps7_init
ps7_post_config
targets -set -nocase -filter {name =~ "ARM*#0" && jtag_cable_name =~ "Digilent Zed 210248492416"} -index 0
rst -processor
targets -set -nocase -filter {name =~ "ARM*#0" && jtag_cable_name =~ "Digilent Zed 210248492416"} -index 0
dow C:/Users/Marcin/Vivado/hc_arm/hc_arm.sdk/codec_test_app/Debug/codec_test_app.elf
configparams force-mem-access 0
----------------End of Script----------------

13:29:22 INFO  : Memory regions updated for context APU
13:29:22 INFO  : Context for processor 'ps7_cortexa9_0' is selected.
13:29:22 INFO  : 'con' command is executed.
13:29:22 INFO  : ----------------XSDB Script (After Launch)----------------
targets -set -nocase -filter {name =~ "ARM*#0" && jtag_cable_name =~ "Digilent Zed 210248492416"} -index 0
con
----------------End of Script----------------

13:29:22 INFO  : Launch script is exported to file 'C:\Users\Marcin\Vivado\hc_arm\hc_arm.sdk\.sdk\launch_scripts\xilinx_c-c++_application_(system_debugger)\system_debugger_using_debug_codec_test_app.elf_on_local.tcl'
13:30:30 INFO  : Disconnected from the channel tcfchan#7.
13:30:46 INFO  : Connected to target on host '127.0.0.1' and port '3121'.
13:30:46 INFO  : 'targets -set -filter {jtag_cable_name =~ "Digilent Zed 210248492416" && level==0} -index 1' command is executed.
13:30:49 ERROR : fpga initialization failed
13:31:00 INFO  : Connected to target on host '127.0.0.1' and port '3121'.
13:31:03 INFO  : Connected to target on host '127.0.0.1' and port '3121'.
13:31:03 INFO  : 'targets -set -filter {jtag_cable_name =~ "Digilent Zed 210248492416" && level==0} -index 1' command is executed.
13:31:06 ERROR : fpga initialization failed
13:32:51 INFO  : Connected to target on host '127.0.0.1' and port '3121'.
13:33:08 INFO  : Connected to target on host '127.0.0.1' and port '3121'.
13:33:08 INFO  : 'targets -set -filter {jtag_cable_name =~ "Digilent Zed 210248492416" && level==0} -index 1' command is executed.
13:33:11 ERROR : fpga initialization failed
13:33:47 INFO  : Connected to target on host '127.0.0.1' and port '3121'.
13:33:47 INFO  : 'targets -set -filter {jtag_cable_name =~ "Digilent Zed 210248492416" && level==0} -index 1' command is executed.
13:33:49 INFO  : FPGA configured successfully with bitstream "C:/Users/Marcin/Vivado/hc_arm/hc_arm.sdk/codec_system_wrapper_hw_platform_2/codec_system_wrapper.bit"
13:33:58 INFO  : 'targets -set -filter {jtag_cable_name =~ "Digilent Zed 210248492416" && level==0} -index 1' command is executed.
13:33:58 INFO  : 'fpga -state' command is executed.
13:33:58 INFO  : Connected to target on host '127.0.0.1' and port '3121'.
13:33:58 INFO  : Jtag cable 'Digilent Zed 210248492416' is selected.
13:33:58 INFO  : 'jtag frequency' command is executed.
13:33:58 INFO  : Sourcing of 'C:/Users/Marcin/Vivado/hc_arm/hc_arm.sdk/codec_system_wrapper_hw_platform_2/ps7_init.tcl' is done.
13:33:58 INFO  : Context for 'APU' is selected.
13:33:58 INFO  : Hardware design information is loaded from 'C:/Users/Marcin/Vivado/hc_arm/hc_arm.sdk/codec_system_wrapper_hw_platform_2/system.hdf'.
13:33:58 INFO  : 'configparams force-mem-access 1' command is executed.
13:33:58 INFO  : Context for 'APU' is selected.
13:33:58 INFO  : 'stop' command is executed.
13:33:59 INFO  : 'ps7_init' command is executed.
13:33:59 INFO  : 'ps7_post_config' command is executed.
13:33:59 INFO  : Context for processor 'ps7_cortexa9_0' is selected.
13:33:59 INFO  : Processor reset is completed for 'ps7_cortexa9_0'.
13:33:59 INFO  : Context for processor 'ps7_cortexa9_0' is selected.
13:33:59 INFO  : The application 'C:/Users/Marcin/Vivado/hc_arm/hc_arm.sdk/codec_test_app/Debug/codec_test_app.elf' is downloaded to processor 'ps7_cortexa9_0'.
13:33:59 INFO  : 'configparams force-mem-access 0' command is executed.
13:33:59 INFO  : ----------------XSDB Script----------------
connect -url tcp:127.0.0.1:3121
source C:/Users/Marcin/Vivado/hc_arm/hc_arm.sdk/codec_system_wrapper_hw_platform_2/ps7_init.tcl
targets -set -nocase -filter {name =~"APU*" && jtag_cable_name =~ "Digilent Zed 210248492416"} -index 0
loadhw -hw C:/Users/Marcin/Vivado/hc_arm/hc_arm.sdk/codec_system_wrapper_hw_platform_2/system.hdf -mem-ranges [list {0x40000000 0xbfffffff}]
configparams force-mem-access 1
targets -set -nocase -filter {name =~"APU*" && jtag_cable_name =~ "Digilent Zed 210248492416"} -index 0
stop
ps7_init
ps7_post_config
targets -set -nocase -filter {name =~ "ARM*#0" && jtag_cable_name =~ "Digilent Zed 210248492416"} -index 0
rst -processor
targets -set -nocase -filter {name =~ "ARM*#0" && jtag_cable_name =~ "Digilent Zed 210248492416"} -index 0
dow C:/Users/Marcin/Vivado/hc_arm/hc_arm.sdk/codec_test_app/Debug/codec_test_app.elf
configparams force-mem-access 0
----------------End of Script----------------

13:33:59 INFO  : Memory regions updated for context APU
13:34:00 INFO  : Context for processor 'ps7_cortexa9_0' is selected.
13:34:00 INFO  : 'con' command is executed.
13:34:00 INFO  : ----------------XSDB Script (After Launch)----------------
targets -set -nocase -filter {name =~ "ARM*#0" && jtag_cable_name =~ "Digilent Zed 210248492416"} -index 0
con
----------------End of Script----------------

13:34:00 INFO  : Launch script is exported to file 'C:\Users\Marcin\Vivado\hc_arm\hc_arm.sdk\.sdk\launch_scripts\xilinx_c-c++_application_(system_debugger)\system_debugger_using_debug_codec_test_app.elf_on_local.tcl'
13:42:14 INFO  : Disconnected from the channel tcfchan#8.
13:49:54 INFO  : 'targets -set -filter {jtag_cable_name =~ "Digilent Zed 210248492416" && level==0} -index 1' command is executed.
13:49:54 INFO  : 'fpga -state' command is executed.
13:50:02 INFO  : Connected to target on host '127.0.0.1' and port '3121'.
13:50:02 INFO  : Jtag cable 'Digilent Zed 210248492416' is selected.
13:50:02 INFO  : 'jtag frequency' command is executed.
13:50:02 INFO  : Sourcing of 'C:/Users/Marcin/Vivado/hc_arm/hc_arm.sdk/codec_system_wrapper_hw_platform_2/ps7_init.tcl' is done.
13:50:02 INFO  : Context for 'APU' is selected.
13:50:02 INFO  : Hardware design information is loaded from 'C:/Users/Marcin/Vivado/hc_arm/hc_arm.sdk/codec_system_wrapper_hw_platform_2/system.hdf'.
13:50:02 INFO  : 'configparams force-mem-access 1' command is executed.
13:50:02 INFO  : Context for 'APU' is selected.
13:50:02 INFO  : 'stop' command is executed.
13:50:03 INFO  : 'ps7_init' command is executed.
13:50:03 INFO  : 'ps7_post_config' command is executed.
13:50:03 INFO  : Context for processor 'ps7_cortexa9_0' is selected.
13:50:03 INFO  : Processor reset is completed for 'ps7_cortexa9_0'.
13:50:03 INFO  : Context for processor 'ps7_cortexa9_0' is selected.
13:50:03 INFO  : The application 'C:/Users/Marcin/Vivado/hc_arm/hc_arm.sdk/codec_test_app/Debug/codec_test_app.elf' is downloaded to processor 'ps7_cortexa9_0'.
13:50:03 INFO  : 'configparams force-mem-access 0' command is executed.
13:50:03 INFO  : ----------------XSDB Script----------------
connect -url tcp:127.0.0.1:3121
source C:/Users/Marcin/Vivado/hc_arm/hc_arm.sdk/codec_system_wrapper_hw_platform_2/ps7_init.tcl
targets -set -nocase -filter {name =~"APU*" && jtag_cable_name =~ "Digilent Zed 210248492416"} -index 0
loadhw -hw C:/Users/Marcin/Vivado/hc_arm/hc_arm.sdk/codec_system_wrapper_hw_platform_2/system.hdf -mem-ranges [list {0x40000000 0xbfffffff}]
configparams force-mem-access 1
targets -set -nocase -filter {name =~"APU*" && jtag_cable_name =~ "Digilent Zed 210248492416"} -index 0
stop
ps7_init
ps7_post_config
targets -set -nocase -filter {name =~ "ARM*#0" && jtag_cable_name =~ "Digilent Zed 210248492416"} -index 0
rst -processor
targets -set -nocase -filter {name =~ "ARM*#0" && jtag_cable_name =~ "Digilent Zed 210248492416"} -index 0
dow C:/Users/Marcin/Vivado/hc_arm/hc_arm.sdk/codec_test_app/Debug/codec_test_app.elf
configparams force-mem-access 0
----------------End of Script----------------

13:50:03 INFO  : Memory regions updated for context APU
13:50:04 INFO  : Context for processor 'ps7_cortexa9_0' is selected.
13:50:04 INFO  : 'con' command is executed.
13:50:04 INFO  : ----------------XSDB Script (After Launch)----------------
targets -set -nocase -filter {name =~ "ARM*#0" && jtag_cable_name =~ "Digilent Zed 210248492416"} -index 0
con
----------------End of Script----------------

13:50:04 INFO  : Launch script is exported to file 'C:\Users\Marcin\Vivado\hc_arm\hc_arm.sdk\.sdk\launch_scripts\xilinx_c-c++_application_(system_debugger)\system_debugger_using_debug_codec_test_app.elf_on_local.tcl'
13:51:02 INFO  : Disconnected from the channel tcfchan#9.
13:51:32 INFO  : Connected to target on host '127.0.0.1' and port '3121'.
13:51:32 INFO  : 'targets -set -filter {jtag_cable_name =~ "Digilent Zed 210248492416" && level==0} -index 1' command is executed.
13:51:35 INFO  : FPGA configured successfully with bitstream "C:/Users/Marcin/Vivado/hc_arm/hc_arm.sdk/codec_system_wrapper_hw_platform_2/codec_system_wrapper.bit"
13:51:41 INFO  : 'targets -set -filter {jtag_cable_name =~ "Digilent Zed 210248492416" && level==0} -index 1' command is executed.
13:51:41 INFO  : 'fpga -state' command is executed.
13:51:41 INFO  : Connected to target on host '127.0.0.1' and port '3121'.
13:51:41 INFO  : Jtag cable 'Digilent Zed 210248492416' is selected.
13:51:41 INFO  : 'jtag frequency' command is executed.
13:51:41 INFO  : Sourcing of 'C:/Users/Marcin/Vivado/hc_arm/hc_arm.sdk/codec_system_wrapper_hw_platform_2/ps7_init.tcl' is done.
13:51:42 INFO  : Context for 'APU' is selected.
13:51:42 INFO  : Hardware design information is loaded from 'C:/Users/Marcin/Vivado/hc_arm/hc_arm.sdk/codec_system_wrapper_hw_platform_2/system.hdf'.
13:51:42 INFO  : 'configparams force-mem-access 1' command is executed.
13:51:42 INFO  : Context for 'APU' is selected.
13:51:42 INFO  : 'stop' command is executed.
13:51:42 INFO  : 'ps7_init' command is executed.
13:51:42 INFO  : 'ps7_post_config' command is executed.
13:51:42 INFO  : Context for processor 'ps7_cortexa9_0' is selected.
13:51:42 INFO  : Processor reset is completed for 'ps7_cortexa9_0'.
13:51:42 INFO  : Context for processor 'ps7_cortexa9_0' is selected.
13:51:43 INFO  : The application 'C:/Users/Marcin/Vivado/hc_arm/hc_arm.sdk/codec_test_app/Debug/codec_test_app.elf' is downloaded to processor 'ps7_cortexa9_0'.
13:51:43 INFO  : 'configparams force-mem-access 0' command is executed.
13:51:43 INFO  : ----------------XSDB Script----------------
connect -url tcp:127.0.0.1:3121
source C:/Users/Marcin/Vivado/hc_arm/hc_arm.sdk/codec_system_wrapper_hw_platform_2/ps7_init.tcl
targets -set -nocase -filter {name =~"APU*" && jtag_cable_name =~ "Digilent Zed 210248492416"} -index 0
loadhw -hw C:/Users/Marcin/Vivado/hc_arm/hc_arm.sdk/codec_system_wrapper_hw_platform_2/system.hdf -mem-ranges [list {0x40000000 0xbfffffff}]
configparams force-mem-access 1
targets -set -nocase -filter {name =~"APU*" && jtag_cable_name =~ "Digilent Zed 210248492416"} -index 0
stop
ps7_init
ps7_post_config
targets -set -nocase -filter {name =~ "ARM*#0" && jtag_cable_name =~ "Digilent Zed 210248492416"} -index 0
rst -processor
targets -set -nocase -filter {name =~ "ARM*#0" && jtag_cable_name =~ "Digilent Zed 210248492416"} -index 0
dow C:/Users/Marcin/Vivado/hc_arm/hc_arm.sdk/codec_test_app/Debug/codec_test_app.elf
configparams force-mem-access 0
----------------End of Script----------------

13:51:43 INFO  : Memory regions updated for context APU
13:51:43 INFO  : Context for processor 'ps7_cortexa9_0' is selected.
13:51:43 INFO  : 'con' command is executed.
13:51:43 INFO  : ----------------XSDB Script (After Launch)----------------
targets -set -nocase -filter {name =~ "ARM*#0" && jtag_cable_name =~ "Digilent Zed 210248492416"} -index 0
con
----------------End of Script----------------

13:51:43 INFO  : Launch script is exported to file 'C:\Users\Marcin\Vivado\hc_arm\hc_arm.sdk\.sdk\launch_scripts\xilinx_c-c++_application_(system_debugger)\system_debugger_using_debug_codec_test_app.elf_on_local.tcl'
14:02:33 INFO  : Disconnected from the channel tcfchan#10.
14:02:37 INFO  : Connected to target on host '127.0.0.1' and port '3121'.
14:02:37 INFO  : 'targets -set -filter {jtag_cable_name =~ "Digilent Zed 210248492416" && level==0} -index 1' command is executed.
14:02:40 INFO  : FPGA configured successfully with bitstream "C:/Users/Marcin/Vivado/hc_arm/hc_arm.sdk/codec_system_wrapper_hw_platform_2/codec_system_wrapper.bit"
14:02:46 INFO  : 'targets -set -filter {jtag_cable_name =~ "Digilent Zed 210248492416" && level==0} -index 1' command is executed.
14:02:46 INFO  : 'fpga -state' command is executed.
14:02:47 INFO  : Connected to target on host '127.0.0.1' and port '3121'.
14:02:47 INFO  : Jtag cable 'Digilent Zed 210248492416' is selected.
14:02:47 INFO  : 'jtag frequency' command is executed.
14:02:47 INFO  : Sourcing of 'C:/Users/Marcin/Vivado/hc_arm/hc_arm.sdk/codec_system_wrapper_hw_platform_2/ps7_init.tcl' is done.
14:02:47 INFO  : Context for 'APU' is selected.
14:02:47 INFO  : Hardware design information is loaded from 'C:/Users/Marcin/Vivado/hc_arm/hc_arm.sdk/codec_system_wrapper_hw_platform_2/system.hdf'.
14:02:47 INFO  : 'configparams force-mem-access 1' command is executed.
14:02:47 INFO  : Context for 'APU' is selected.
14:02:47 INFO  : 'stop' command is executed.
14:02:48 INFO  : 'ps7_init' command is executed.
14:02:48 INFO  : 'ps7_post_config' command is executed.
14:02:48 INFO  : Context for processor 'ps7_cortexa9_0' is selected.
14:02:48 INFO  : Processor reset is completed for 'ps7_cortexa9_0'.
14:02:48 INFO  : Context for processor 'ps7_cortexa9_0' is selected.
14:02:48 INFO  : The application 'C:/Users/Marcin/Vivado/hc_arm/hc_arm.sdk/codec_test_app/Debug/codec_test_app.elf' is downloaded to processor 'ps7_cortexa9_0'.
14:02:48 INFO  : 'configparams force-mem-access 0' command is executed.
14:02:48 INFO  : ----------------XSDB Script----------------
connect -url tcp:127.0.0.1:3121
source C:/Users/Marcin/Vivado/hc_arm/hc_arm.sdk/codec_system_wrapper_hw_platform_2/ps7_init.tcl
targets -set -nocase -filter {name =~"APU*" && jtag_cable_name =~ "Digilent Zed 210248492416"} -index 0
loadhw -hw C:/Users/Marcin/Vivado/hc_arm/hc_arm.sdk/codec_system_wrapper_hw_platform_2/system.hdf -mem-ranges [list {0x40000000 0xbfffffff}]
configparams force-mem-access 1
targets -set -nocase -filter {name =~"APU*" && jtag_cable_name =~ "Digilent Zed 210248492416"} -index 0
stop
ps7_init
ps7_post_config
targets -set -nocase -filter {name =~ "ARM*#0" && jtag_cable_name =~ "Digilent Zed 210248492416"} -index 0
rst -processor
targets -set -nocase -filter {name =~ "ARM*#0" && jtag_cable_name =~ "Digilent Zed 210248492416"} -index 0
dow C:/Users/Marcin/Vivado/hc_arm/hc_arm.sdk/codec_test_app/Debug/codec_test_app.elf
configparams force-mem-access 0
----------------End of Script----------------

14:02:48 INFO  : Memory regions updated for context APU
14:02:49 INFO  : Context for processor 'ps7_cortexa9_0' is selected.
14:02:49 INFO  : 'con' command is executed.
14:02:49 INFO  : ----------------XSDB Script (After Launch)----------------
targets -set -nocase -filter {name =~ "ARM*#0" && jtag_cable_name =~ "Digilent Zed 210248492416"} -index 0
con
----------------End of Script----------------

14:02:49 INFO  : Launch script is exported to file 'C:\Users\Marcin\Vivado\hc_arm\hc_arm.sdk\.sdk\launch_scripts\xilinx_c-c++_application_(system_debugger)\system_debugger_using_debug_codec_test_app.elf_on_local.tcl'
14:03:42 INFO  : Connected to target on host '127.0.0.1' and port '3121'.
14:03:42 INFO  : 'targets -set -filter {jtag_cable_name =~ "Digilent Zed 210248492416" && level==0} -index 1' command is executed.
14:03:45 INFO  : FPGA configured successfully with bitstream "C:/Users/Marcin/Vivado/hc_arm/hc_arm.sdk/codec_system_wrapper_hw_platform_2/codec_system_wrapper.bit"
14:03:56 INFO  : Disconnected from the channel tcfchan#11.
14:03:59 INFO  : 'targets -set -filter {jtag_cable_name =~ "Digilent Zed 210248492416" && level==0} -index 1' command is executed.
14:03:59 INFO  : 'fpga -state' command is executed.
14:03:59 INFO  : Connected to target on host '127.0.0.1' and port '3121'.
14:04:00 INFO  : Jtag cable 'Digilent Zed 210248492416' is selected.
14:04:00 INFO  : 'jtag frequency' command is executed.
14:04:00 INFO  : Sourcing of 'C:/Users/Marcin/Vivado/hc_arm/hc_arm.sdk/codec_system_wrapper_hw_platform_2/ps7_init.tcl' is done.
14:04:00 INFO  : Context for 'APU' is selected.
14:04:00 INFO  : Hardware design information is loaded from 'C:/Users/Marcin/Vivado/hc_arm/hc_arm.sdk/codec_system_wrapper_hw_platform_2/system.hdf'.
14:04:00 INFO  : 'configparams force-mem-access 1' command is executed.
14:04:00 INFO  : Context for 'APU' is selected.
14:04:00 INFO  : 'stop' command is executed.
14:04:00 INFO  : 'ps7_init' command is executed.
14:04:01 INFO  : 'ps7_post_config' command is executed.
14:04:01 INFO  : Context for processor 'ps7_cortexa9_0' is selected.
14:04:01 INFO  : Processor reset is completed for 'ps7_cortexa9_0'.
14:04:01 INFO  : Context for processor 'ps7_cortexa9_0' is selected.
14:04:01 INFO  : The application 'C:/Users/Marcin/Vivado/hc_arm/hc_arm.sdk/codec_test_app/Debug/codec_test_app.elf' is downloaded to processor 'ps7_cortexa9_0'.
14:04:01 INFO  : 'configparams force-mem-access 0' command is executed.
14:04:01 INFO  : ----------------XSDB Script----------------
connect -url tcp:127.0.0.1:3121
source C:/Users/Marcin/Vivado/hc_arm/hc_arm.sdk/codec_system_wrapper_hw_platform_2/ps7_init.tcl
targets -set -nocase -filter {name =~"APU*" && jtag_cable_name =~ "Digilent Zed 210248492416"} -index 0
loadhw -hw C:/Users/Marcin/Vivado/hc_arm/hc_arm.sdk/codec_system_wrapper_hw_platform_2/system.hdf -mem-ranges [list {0x40000000 0xbfffffff}]
configparams force-mem-access 1
targets -set -nocase -filter {name =~"APU*" && jtag_cable_name =~ "Digilent Zed 210248492416"} -index 0
stop
ps7_init
ps7_post_config
targets -set -nocase -filter {name =~ "ARM*#0" && jtag_cable_name =~ "Digilent Zed 210248492416"} -index 0
rst -processor
targets -set -nocase -filter {name =~ "ARM*#0" && jtag_cable_name =~ "Digilent Zed 210248492416"} -index 0
dow C:/Users/Marcin/Vivado/hc_arm/hc_arm.sdk/codec_test_app/Debug/codec_test_app.elf
configparams force-mem-access 0
----------------End of Script----------------

14:04:01 INFO  : Memory regions updated for context APU
14:04:01 INFO  : Context for processor 'ps7_cortexa9_0' is selected.
14:04:01 INFO  : 'con' command is executed.
14:04:01 INFO  : ----------------XSDB Script (After Launch)----------------
targets -set -nocase -filter {name =~ "ARM*#0" && jtag_cable_name =~ "Digilent Zed 210248492416"} -index 0
con
----------------End of Script----------------

14:04:01 INFO  : Launch script is exported to file 'C:\Users\Marcin\Vivado\hc_arm\hc_arm.sdk\.sdk\launch_scripts\xilinx_c-c++_application_(system_debugger)\system_debugger_using_debug_codec_test_app.elf_on_local.tcl'
14:04:13 INFO  : Disconnected from the channel tcfchan#12.
