Copyright 1986-2018 Xilinx, Inc. All Rights Reserved.
-------------------------------------------------------------------------------------------------
| Tool Version : Vivado v.2018.3 (win64) Build 2405991 Thu Dec  6 23:38:27 MST 2018
| Date         : Mon Jun 17 12:32:27 2019
| Host         : DESKTOP-0L5OS35 running 64-bit major release  (build 9200)
| Command      : report_control_sets -verbose -file codec_system_wrapper_control_sets_placed.rpt
| Design       : codec_system_wrapper
| Device       : xc7z020
-------------------------------------------------------------------------------------------------

Control Set Information

Table of Contents
-----------------
1. Summary
2. Histogram
3. Flip-Flop Distribution
4. Detailed Control Set Information

1. Summary
----------

+----------------------------------------------------------+-------+
|                          Status                          | Count |
+----------------------------------------------------------+-------+
| Number of unique control sets                            |    61 |
| Unused register locations in slices containing registers |   123 |
+----------------------------------------------------------+-------+


2. Histogram
------------

+--------+--------------+
| Fanout | Control Sets |
+--------+--------------+
|      1 |            1 |
|      2 |            2 |
|      4 |            5 |
|      5 |            5 |
|      6 |            1 |
|      8 |           21 |
|      9 |            1 |
|     10 |            1 |
|     13 |            2 |
|     14 |            2 |
|     15 |            3 |
|    16+ |           17 |
+--------+--------------+


3. Flip-Flop Distribution
-------------------------

+--------------+-----------------------+------------------------+-----------------+--------------+
| Clock Enable | Synchronous Set/Reset | Asynchronous Set/Reset | Total Registers | Total Slices |
+--------------+-----------------------+------------------------+-----------------+--------------+
| No           | No                    | No                     |             244 |           82 |
| No           | No                    | Yes                    |               0 |            0 |
| No           | Yes                   | No                     |              35 |           14 |
| Yes          | No                    | No                     |             492 |          128 |
| Yes          | No                    | Yes                    |               0 |            0 |
| Yes          | Yes                   | No                     |             282 |           93 |
+--------------+-----------------------+------------------------+-----------------+--------------+


4. Detailed Control Set Information
-----------------------------------

+-----------------------------------------------------+--------------------------------------------------------------------------------------------------------------------------------------------------------------------+-----------------------------------------------------------------------------------------------------------------------------------------------------------+------------------+----------------+
|                     Clock Signal                    |                                                                            Enable Signal                                                                           |                                                                      Set/Reset Signal                                                                     | Slice Load Count | Bel Load Count |
+-----------------------------------------------------+--------------------------------------------------------------------------------------------------------------------------------------------------------------------+-----------------------------------------------------------------------------------------------------------------------------------------------------------+------------------+----------------+
|  codec_system_i/processing_system7_0/inst/FCLK_CLK0 | codec_system_i/ps7_0_axi_periph/s00_couplers/auto_pc/inst/gen_axilite.gen_b2s_conv.axilite_b2s/WR.aw_channel_0/aw_cmd_fsm_0/m_axi_awready_1                        | codec_system_i/ps7_0_axi_periph/s00_couplers/auto_pc/inst/gen_axilite.gen_b2s_conv.axilite_b2s/WR.aw_channel_0/aw_cmd_fsm_0/m_axi_awready_0               |                1 |              1 |
|  codec_system_i/processing_system7_0/inst/FCLK_CLK0 | codec_system_i/Codec/inst/Codec_v1_0_S1_AXI_inst/hamming_codec_rtl_inst/parity_bits_num[7]_i_2_n_0                                                                 | codec_system_i/Codec/inst/Codec_v1_0_S1_AXI_inst/hamming_codec_rtl_inst/parity_bits_num[7]_i_1_n_0                                                        |                1 |              2 |
|  codec_system_i/processing_system7_0/inst/FCLK_CLK0 | codec_system_i/ps7_0_axi_periph/s00_couplers/auto_pc/inst/gen_axilite.gen_b2s_conv.axilite_b2s/WR.b_channel_0/bid_fifo_0/sel                                       |                                                                                                                                                           |                1 |              2 |
|  codec_system_i/processing_system7_0/inst/FCLK_CLK0 | codec_system_i/Codec/inst/Codec_v1_0_S1_AXI_inst/hamming_codec_rtl_inst/parity_bit_pos[31]_i_1_n_0                                                                 | codec_system_i/Codec/inst/Codec_v1_0_S1_AXI_inst/hamming_codec_rtl_inst/parity_bit_pos[23]_i_1_n_0                                                        |                1 |              4 |
|  codec_system_i/processing_system7_0/inst/FCLK_CLK0 |                                                                                                                                                                    | codec_system_i/rst_ps7_0_100M/U0/EXT_LPF/lpf_int                                                                                                          |                1 |              4 |
|  codec_system_i/processing_system7_0/inst/FCLK_CLK0 |                                                                                                                                                                    | codec_system_i/ps7_0_axi_periph/s00_couplers/auto_pc/inst/gen_axilite.gen_b2s_conv.axilite_b2s/SI_REG/aw.aw_pipe/aresetn_d_reg[0]_0                       |                2 |              4 |
|  codec_system_i/processing_system7_0/inst/FCLK_CLK0 |                                                                                                                                                                    | codec_system_i/ps7_0_axi_periph/s00_couplers/auto_pc/inst/gen_axilite.gen_b2s_conv.axilite_b2s/SI_REG/ar.ar_pipe/aresetn_d_reg[1]_inv_0                   |                2 |              4 |
|  codec_system_i/processing_system7_0/inst/FCLK_CLK0 | codec_system_i/Codec/inst/Codec_v1_0_S1_AXI_inst/hamming_codec_rtl_inst/parity_bit_pos[31]_i_1_n_0                                                                 | codec_system_i/Codec/inst/Codec_v1_0_S1_AXI_inst/hamming_codec_rtl_inst/parity_bit_pos[7]_i_1_n_0                                                         |                2 |              4 |
|  codec_system_i/processing_system7_0/inst/FCLK_CLK0 | codec_system_i/ps7_0_axi_periph/s00_couplers/auto_pc/inst/gen_axilite.gen_b2s_conv.axilite_b2s/RD.ar_channel_0/ar_cmd_fsm_0/m_valid_i_reg                          | codec_system_i/ps7_0_axi_periph/s00_couplers/auto_pc/inst/gen_axilite.gen_b2s_conv.axilite_b2s/RD.ar_channel_0/ar_cmd_fsm_0/FSM_sequential_state_reg[0]_0 |                2 |              5 |
|  codec_system_i/processing_system7_0/inst/FCLK_CLK0 | codec_system_i/Codec/inst/Codec_v1_0_S1_AXI_inst/hamming_codec_rtl_inst/parity_bits_num[7]_i_2_n_0                                                                 |                                                                                                                                                           |                2 |              5 |
|  codec_system_i/processing_system7_0/inst/FCLK_CLK0 | codec_system_i/Codec/inst/Codec_v1_0_S1_AXI_inst/hamming_codec_rtl_inst/state[4]_i_1_n_0                                                                           | codec_system_i/Codec/inst/Codec_v1_0_S1_AXI_inst/hamming_codec_rtl_inst/SR[0]                                                                             |                5 |              5 |
|  codec_system_i/processing_system7_0/inst/FCLK_CLK0 | codec_system_i/ps7_0_axi_periph/s00_couplers/auto_pc/inst/gen_axilite.gen_b2s_conv.axilite_b2s/RD.r_channel_0/rd_data_fifo_0/cnt_read[4]_i_1_n_0                   | codec_system_i/ps7_0_axi_periph/s00_couplers/auto_pc/inst/gen_axilite.gen_b2s_conv.axilite_b2s/areset_d1                                                  |                2 |              5 |
|  codec_system_i/processing_system7_0/inst/FCLK_CLK0 | codec_system_i/ps7_0_axi_periph/s00_couplers/auto_pc/inst/gen_axilite.gen_b2s_conv.axilite_b2s/RD.r_channel_0/rd_data_fifo_0/E[0]                                  | codec_system_i/ps7_0_axi_periph/s00_couplers/auto_pc/inst/gen_axilite.gen_b2s_conv.axilite_b2s/areset_d1                                                  |                2 |              5 |
|  codec_system_i/processing_system7_0/inst/FCLK_CLK0 | codec_system_i/rst_ps7_0_100M/U0/SEQ/seq_cnt_en                                                                                                                    | codec_system_i/rst_ps7_0_100M/U0/SEQ/SEQ_COUNTER/clear                                                                                                    |                1 |              6 |
|  codec_system_i/processing_system7_0/inst/FCLK_CLK0 | codec_system_i/Codec/inst/Codec_v1_0_S1_AXI_inst/slv_reg2[31]_i_1_n_0                                                                                              | codec_system_i/Codec/inst/Codec_v1_0_S1_AXI_inst/hamming_codec_rtl_inst/SR[0]                                                                             |                2 |              8 |
|  codec_system_i/processing_system7_0/inst/FCLK_CLK0 | codec_system_i/Codec/inst/Codec_v1_0_S1_AXI_inst/slv_reg0[23]_i_1_n_0                                                                                              | codec_system_i/Codec/inst/Codec_v1_0_S1_AXI_inst/hamming_codec_rtl_inst/SR[0]                                                                             |                2 |              8 |
|  codec_system_i/processing_system7_0/inst/FCLK_CLK0 | codec_system_i/Codec/inst/Codec_v1_0_S1_AXI_inst/slv_reg3[7]_i_1_n_0                                                                                               | codec_system_i/Codec/inst/Codec_v1_0_S1_AXI_inst/hamming_codec_rtl_inst/SR[0]                                                                             |                1 |              8 |
|  codec_system_i/processing_system7_0/inst/FCLK_CLK0 | codec_system_i/Codec/inst/Codec_v1_0_S1_AXI_inst/slv_reg3[23]_i_1_n_0                                                                                              | codec_system_i/Codec/inst/Codec_v1_0_S1_AXI_inst/hamming_codec_rtl_inst/SR[0]                                                                             |                2 |              8 |
|  codec_system_i/processing_system7_0/inst/FCLK_CLK0 | codec_system_i/Codec/inst/Codec_v1_0_S1_AXI_inst/slv_reg3[15]_i_1_n_0                                                                                              | codec_system_i/Codec/inst/Codec_v1_0_S1_AXI_inst/hamming_codec_rtl_inst/SR[0]                                                                             |                2 |              8 |
|  codec_system_i/processing_system7_0/inst/FCLK_CLK0 | codec_system_i/Codec/inst/Codec_v1_0_S1_AXI_inst/slv_reg2[23]_i_1_n_0                                                                                              | codec_system_i/Codec/inst/Codec_v1_0_S1_AXI_inst/hamming_codec_rtl_inst/SR[0]                                                                             |                2 |              8 |
|  codec_system_i/processing_system7_0/inst/FCLK_CLK0 | codec_system_i/Codec/inst/Codec_v1_0_S1_AXI_inst/slv_reg1[15]_i_1_n_0                                                                                              | codec_system_i/Codec/inst/Codec_v1_0_S1_AXI_inst/hamming_codec_rtl_inst/SR[0]                                                                             |                1 |              8 |
|  codec_system_i/processing_system7_0/inst/FCLK_CLK0 | codec_system_i/Codec/inst/Codec_v1_0_S1_AXI_inst/slv_reg0[31]_i_1_n_0                                                                                              | codec_system_i/Codec/inst/Codec_v1_0_S1_AXI_inst/hamming_codec_rtl_inst/SR[0]                                                                             |                3 |              8 |
|  codec_system_i/processing_system7_0/inst/FCLK_CLK0 | codec_system_i/Codec/inst/Codec_v1_0_S1_AXI_inst/slv_reg1[23]_i_1_n_0                                                                                              | codec_system_i/Codec/inst/Codec_v1_0_S1_AXI_inst/hamming_codec_rtl_inst/SR[0]                                                                             |                1 |              8 |
|  codec_system_i/processing_system7_0/inst/FCLK_CLK0 | codec_system_i/Codec/inst/Codec_v1_0_S1_AXI_inst/slv_reg2[15]_i_1_n_0                                                                                              | codec_system_i/Codec/inst/Codec_v1_0_S1_AXI_inst/hamming_codec_rtl_inst/SR[0]                                                                             |                1 |              8 |
|  codec_system_i/processing_system7_0/inst/FCLK_CLK0 | codec_system_i/Codec/inst/Codec_v1_0_S1_AXI_inst/slv_reg1[31]_i_1_n_0                                                                                              | codec_system_i/Codec/inst/Codec_v1_0_S1_AXI_inst/hamming_codec_rtl_inst/SR[0]                                                                             |                1 |              8 |
|  codec_system_i/processing_system7_0/inst/FCLK_CLK0 | codec_system_i/Codec/inst/Codec_v1_0_S1_AXI_inst/slv_reg3[31]_i_1_n_0                                                                                              | codec_system_i/Codec/inst/Codec_v1_0_S1_AXI_inst/hamming_codec_rtl_inst/SR[0]                                                                             |                3 |              8 |
|  codec_system_i/processing_system7_0/inst/FCLK_CLK0 | codec_system_i/Codec/inst/Codec_v1_0_S1_AXI_inst/slv_reg2[7]_i_1_n_0                                                                                               | codec_system_i/Codec/inst/Codec_v1_0_S1_AXI_inst/hamming_codec_rtl_inst/SR[0]                                                                             |                1 |              8 |
|  codec_system_i/processing_system7_0/inst/FCLK_CLK0 | codec_system_i/Codec/inst/Codec_v1_0_S1_AXI_inst/slv_reg0[15]_i_1_n_0                                                                                              | codec_system_i/Codec/inst/Codec_v1_0_S1_AXI_inst/hamming_codec_rtl_inst/SR[0]                                                                             |                1 |              8 |
|  codec_system_i/processing_system7_0/inst/FCLK_CLK0 | codec_system_i/ps7_0_axi_periph/s00_couplers/auto_pc/inst/gen_axilite.gen_b2s_conv.axilite_b2s/WR.b_channel_0/mhandshake_r                                         | codec_system_i/ps7_0_axi_periph/s00_couplers/auto_pc/inst/gen_axilite.gen_b2s_conv.axilite_b2s/WR.b_channel_0/bid_fifo_0/SR[0]                            |                4 |              8 |
|  codec_system_i/processing_system7_0/inst/FCLK_CLK0 | codec_system_i/ps7_0_axi_periph/s00_couplers/auto_pc/inst/gen_axilite.gen_b2s_conv.axilite_b2s/RD.ar_channel_0/ar_cmd_fsm_0/sel_first_reg[0]                       |                                                                                                                                                           |                2 |              8 |
|  codec_system_i/processing_system7_0/inst/FCLK_CLK0 | codec_system_i/ps7_0_axi_periph/s00_couplers/auto_pc/inst/gen_axilite.gen_b2s_conv.axilite_b2s/RD.ar_channel_0/ar_cmd_fsm_0/E[0]                                   |                                                                                                                                                           |                5 |              8 |
|  codec_system_i/processing_system7_0/inst/FCLK_CLK0 | codec_system_i/ps7_0_axi_periph/s00_couplers/auto_pc/inst/gen_axilite.gen_b2s_conv.axilite_b2s/WR.aw_channel_0/aw_cmd_fsm_0/E[0]                                   |                                                                                                                                                           |                4 |              8 |
|  codec_system_i/processing_system7_0/inst/FCLK_CLK0 | codec_system_i/Codec/inst/Codec_v1_0_S1_AXI_inst/slv_reg1[7]_i_1_n_0                                                                                               | codec_system_i/Codec/inst/Codec_v1_0_S1_AXI_inst/hamming_codec_rtl_inst/SR[0]                                                                             |                1 |              8 |
|  codec_system_i/processing_system7_0/inst/FCLK_CLK0 | codec_system_i/ps7_0_axi_periph/s00_couplers/auto_pc/inst/gen_axilite.gen_b2s_conv.axilite_b2s/WR.aw_channel_0/cmd_translator_0/incr_cmd_0/axaddr_incr[11]_i_1_n_0 |                                                                                                                                                           |                2 |              8 |
|  codec_system_i/processing_system7_0/inst/FCLK_CLK0 | codec_system_i/Codec/inst/Codec_v1_0_S1_AXI_inst/slv_reg0[7]_i_1_n_0                                                                                               | codec_system_i/Codec/inst/Codec_v1_0_S1_AXI_inst/hamming_codec_rtl_inst/SR[0]                                                                             |                2 |              8 |
|  codec_system_i/processing_system7_0/inst/FCLK_CLK0 | codec_system_i/Codec/inst/Codec_v1_0_S1_AXI_inst/hamming_codec_rtl_inst/parity_bit_pos[31]_i_1_n_0                                                                 |                                                                                                                                                           |                7 |              9 |
|  codec_system_i/processing_system7_0/inst/FCLK_CLK0 |                                                                                                                                                                    | codec_system_i/ps7_0_axi_periph/s00_couplers/auto_pc/inst/gen_axilite.gen_b2s_conv.axilite_b2s/areset_d1                                                  |                4 |             10 |
|  codec_system_i/processing_system7_0/inst/FCLK_CLK0 |                                                                                                                                                                    | codec_system_i/Codec/inst/Codec_v1_0_S1_AXI_inst/hamming_codec_rtl_inst/SR[0]                                                                             |                5 |             13 |
|  codec_system_i/processing_system7_0/inst/FCLK_CLK0 | codec_system_i/ps7_0_axi_periph/s00_couplers/auto_pc/inst/gen_axilite.gen_b2s_conv.axilite_b2s/RD.r_channel_0/r_push_r                                             |                                                                                                                                                           |                4 |             13 |
|  codec_system_i/processing_system7_0/inst/FCLK_CLK0 | codec_system_i/ps7_0_axi_periph/s00_couplers/auto_pc/inst/gen_axilite.gen_b2s_conv.axilite_b2s/SI_REG/b.b_pipe/p_1_in                                              |                                                                                                                                                           |                2 |             14 |
|  codec_system_i/processing_system7_0/inst/FCLK_CLK0 | codec_system_i/ps7_0_axi_periph/s00_couplers/auto_pc/inst/gen_axilite.gen_b2s_conv.axilite_b2s/SI_REG/b.b_pipe/s_ready_i_reg_0                                     |                                                                                                                                                           |                2 |             14 |
|  codec_system_i/processing_system7_0/inst/FCLK_CLK0 | codec_system_i/Codec/inst/Codec_v1_0_S1_AXI_inst/hamming_codec_rtl_inst/i                                                                                          | codec_system_i/Codec/inst/Codec_v1_0_S1_AXI_inst/hamming_codec_rtl_inst/g0_b0__0_n_0                                                                      |                5 |             15 |
|  codec_system_i/processing_system7_0/inst/FCLK_CLK0 | codec_system_i/Codec/inst/Codec_v1_0_S1_AXI_inst/hamming_codec_rtl_inst/k                                                                                          | codec_system_i/Codec/inst/Codec_v1_0_S1_AXI_inst/hamming_codec_rtl_inst/k[16]_i_1_n_0                                                                     |                9 |             15 |
|  codec_system_i/processing_system7_0/inst/FCLK_CLK0 | codec_system_i/Codec/inst/Codec_v1_0_S1_AXI_inst/hamming_codec_rtl_inst/parity_bit_pos[31]_i_1_n_0                                                                 | codec_system_i/Codec/inst/Codec_v1_0_S1_AXI_inst/hamming_codec_rtl_inst/parity_bit_pos[30]_i_1_n_0                                                        |                9 |             15 |
|  codec_system_i/processing_system7_0/inst/FCLK_CLK0 | codec_system_i/ps7_0_axi_periph/s00_couplers/auto_pc/inst/gen_axilite.gen_b2s_conv.axilite_b2s/WR.aw_channel_0/aw_cmd_fsm_0/b_push                                 |                                                                                                                                                           |                3 |             16 |
|  codec_system_i/processing_system7_0/inst/FCLK_CLK0 | codec_system_i/Codec/inst/Codec_v1_0_S1_AXI_inst/hamming_codec_rtl_inst/j[16]_i_1_n_0                                                                              |                                                                                                                                                           |                8 |             17 |
|  codec_system_i/processing_system7_0/inst/FCLK_CLK0 | codec_system_i/ps7_0_axi_periph/s00_couplers/auto_pc/inst/gen_axilite.gen_b2s_conv.axilite_b2s/RD.ar_channel_0/ar_cmd_fsm_0/m_valid_i_reg                          |                                                                                                                                                           |                8 |             17 |
|  codec_system_i/processing_system7_0/inst/FCLK_CLK0 | codec_system_i/ps7_0_axi_periph/s00_couplers/auto_pc/inst/gen_axilite.gen_b2s_conv.axilite_b2s/WR.aw_channel_0/aw_cmd_fsm_0/m_axi_awready_1                        |                                                                                                                                                           |                7 |             21 |
|  codec_system_i/processing_system7_0/inst/FCLK_CLK0 | codec_system_i/ps7_0_axi_periph/s00_couplers/auto_pc/inst/gen_axilite.gen_b2s_conv.axilite_b2s/SI_REG/aw.aw_pipe/s_ready_i_reg_0                                   |                                                                                                                                                           |                5 |             28 |
|  codec_system_i/processing_system7_0/inst/FCLK_CLK0 | codec_system_i/ps7_0_axi_periph/s00_couplers/auto_pc/inst/gen_axilite.gen_b2s_conv.axilite_b2s/SI_REG/ar.ar_pipe/s_ready_i_reg_0                                   |                                                                                                                                                           |                5 |             28 |
|  codec_system_i/processing_system7_0/inst/FCLK_CLK0 | codec_system_i/ps7_0_axi_periph/s00_couplers/auto_pc/inst/gen_axilite.gen_b2s_conv.axilite_b2s/RD.ar_channel_0/ar_cmd_fsm_0/FSM_sequential_state_reg[1]_0[0]       |                                                                                                                                                           |                6 |             28 |
|  codec_system_i/processing_system7_0/inst/FCLK_CLK0 | codec_system_i/ps7_0_axi_periph/s00_couplers/auto_pc/inst/gen_axilite.gen_b2s_conv.axilite_b2s/WR.aw_channel_0/aw_cmd_fsm_0/m_valid_i_reg[0]                       |                                                                                                                                                           |                5 |             28 |
|  codec_system_i/processing_system7_0/inst/FCLK_CLK0 | codec_system_i/Codec/inst/Codec_v1_0_S1_AXI_inst/slv_reg_rden__0                                                                                                   | codec_system_i/Codec/inst/Codec_v1_0_S1_AXI_inst/hamming_codec_rtl_inst/SR[0]                                                                             |               15 |             32 |
|  codec_system_i/processing_system7_0/inst/FCLK_CLK0 | codec_system_i/Codec/inst/Codec_v1_0_S1_AXI_inst/hamming_codec_rtl_inst/code_length[31]_i_1_n_0                                                                    |                                                                                                                                                           |                7 |             32 |
|  codec_system_i/processing_system7_0/inst/FCLK_CLK0 | codec_system_i/Codec/inst/Codec_v1_0_S1_AXI_inst/hamming_codec_rtl_inst/check_sum[31]_i_2_n_0                                                                      | codec_system_i/Codec/inst/Codec_v1_0_S1_AXI_inst/hamming_codec_rtl_inst/check_sum[31]_i_1_n_0                                                             |                8 |             32 |
|  codec_system_i/processing_system7_0/inst/FCLK_CLK0 | codec_system_i/ps7_0_axi_periph/s00_couplers/auto_pc/inst/gen_axilite.gen_b2s_conv.axilite_b2s/RD.r_channel_0/rd_data_fifo_0/wr_en0                                |                                                                                                                                                           |                8 |             32 |
|  codec_system_i/processing_system7_0/inst/FCLK_CLK0 | codec_system_i/ps7_0_axi_periph/s00_couplers/auto_pc/inst/gen_axilite.gen_b2s_conv.axilite_b2s/SI_REG/r.r_pipe/p_1_in                                              |                                                                                                                                                           |                8 |             45 |
|  codec_system_i/processing_system7_0/inst/FCLK_CLK0 | codec_system_i/ps7_0_axi_periph/s00_couplers/auto_pc/inst/gen_axilite.gen_b2s_conv.axilite_b2s/SI_REG/r.r_pipe/s_ready_i_reg_0                                     |                                                                                                                                                           |               10 |             45 |
|  codec_system_i/processing_system7_0/inst/FCLK_CLK0 | codec_system_i/Codec/inst/Codec_v1_0_S1_AXI_inst/hamming_codec_rtl_inst/output_seq[31]_i_1_n_0                                                                     |                                                                                                                                                           |               13 |             64 |
|  codec_system_i/processing_system7_0/inst/FCLK_CLK0 | codec_system_i/Codec/inst/Codec_v1_0_S1_AXI_inst/hamming_codec_rtl_inst/codec_mode                                                                                 |                                                                                                                                                           |               20 |             65 |
|  codec_system_i/processing_system7_0/inst/FCLK_CLK0 |                                                                                                                                                                    |                                                                                                                                                           |               83 |            245 |
+-----------------------------------------------------+--------------------------------------------------------------------------------------------------------------------------------------------------------------------+-----------------------------------------------------------------------------------------------------------------------------------------------------------+------------------+----------------+


